<?xml version="1.0" encoding="UTF-8"?>
<coverage generated="1752437142718" clover="3.2.0">
  <project timestamp="1752437142718" name="All files">
    <metrics statements="371" coveredstatements="233" conditionals="70" coveredconditionals="40" methods="162" coveredmethods="77" elements="603" coveredelements="350" complexity="0" loc="371" ncloc="371" packages="6" files="24" classes="24"/>
    <package name="src">
      <metrics statements="59" coveredstatements="26" conditionals="6" coveredconditionals="0" methods="27" coveredmethods="8"/>
      <file name="App.tsx" path="/Users/danielstahl/Documents/code/apps/minidsp/minidsp-remote-control/client/src/App.tsx">
        <metrics statements="46" coveredstatements="26" conditionals="2" coveredconditionals="0" methods="22" coveredmethods="8"/>
        <line num="60" count="1" type="stmt"/>
        <line num="61" count="1" type="stmt"/>
        <line num="63" count="0" type="stmt"/>
        <line num="67" count="0" type="stmt"/>
        <line num="70" count="0" type="stmt"/>
        <line num="74" count="0" type="stmt"/>
        <line num="77" count="0" type="stmt"/>
        <line num="81" count="0" type="stmt"/>
        <line num="84" count="0" type="stmt"/>
        <line num="88" count="0" type="stmt"/>
        <line num="91" count="0" type="stmt"/>
        <line num="95" count="0" type="stmt"/>
        <line num="98" count="0" type="stmt"/>
        <line num="102" count="0" type="stmt"/>
        <line num="109" count="1" type="stmt"/>
        <line num="113" count="1" type="stmt"/>
        <line num="118" count="1" type="stmt"/>
        <line num="122" count="1" type="stmt"/>
        <line num="126" count="1" type="stmt"/>
        <line num="131" count="1" type="stmt"/>
        <line num="135" count="1" type="stmt"/>
        <line num="137" count="1" type="stmt"/>
        <line num="138" count="1" type="stmt"/>
        <line num="143" count="1" type="stmt"/>
        <line num="144" count="1" type="stmt"/>
        <line num="149" count="1" type="stmt"/>
        <line num="150" count="1" type="stmt"/>
        <line num="151" count="0" type="stmt"/>
        <line num="155" count="1" type="stmt"/>
        <line num="157" count="1" type="stmt"/>
        <line num="158" count="0" type="stmt"/>
        <line num="163" count="1" type="stmt"/>
        <line num="165" count="0" type="stmt"/>
        <line num="166" count="0" type="stmt"/>
        <line num="172" count="1" type="stmt"/>
        <line num="177" count="1" type="stmt"/>
        <line num="178" count="0" type="stmt"/>
        <line num="180" count="1" type="stmt"/>
        <line num="181" count="0" type="cond" truecount="0" falsecount="2"/>
        <line num="189" count="1" type="stmt"/>
        <line num="190" count="1" type="stmt"/>
        <line num="191" count="0" type="stmt"/>
        <line num="192" count="0" type="stmt"/>
        <line num="194" count="1" type="stmt"/>
        <line num="196" count="1" type="stmt"/>
        <line num="205" count="1" type="stmt"/>
      </file>
      <file name="index.tsx" path="/Users/danielstahl/Documents/code/apps/minidsp/minidsp-remote-control/client/src/index.tsx">
        <metrics statements="5" coveredstatements="0" conditionals="0" coveredconditionals="0" methods="3" coveredmethods="0"/>
        <line num="18" count="0" type="stmt"/>
        <line num="22" count="0" type="stmt"/>
        <line num="26" count="0" type="stmt"/>
        <line num="37" count="0" type="stmt"/>
        <line num="56" count="0" type="stmt"/>
      </file>
      <file name="reportWebVitals.ts" path="/Users/danielstahl/Documents/code/apps/minidsp/minidsp-remote-control/client/src/reportWebVitals.ts">
        <metrics statements="8" coveredstatements="0" conditionals="4" coveredconditionals="0" methods="2" coveredmethods="0"/>
        <line num="3" count="0" type="stmt"/>
        <line num="4" count="0" type="cond" truecount="0" falsecount="4"/>
        <line num="5" count="0" type="stmt"/>
        <line num="6" count="0" type="stmt"/>
        <line num="7" count="0" type="stmt"/>
        <line num="8" count="0" type="stmt"/>
        <line num="9" count="0" type="stmt"/>
        <line num="10" count="0" type="stmt"/>
      </file>
    </package>
    <package name="src.components">
      <metrics statements="110" coveredstatements="63" conditionals="20" coveredconditionals="13" methods="55" coveredmethods="27"/>
      <file name="AppBar.tsx" path="/Users/danielstahl/Documents/code/apps/minidsp/minidsp-remote-control/client/src/components/AppBar.tsx">
        <metrics statements="7" coveredstatements="7" conditionals="2" coveredconditionals="1" methods="4" coveredmethods="4"/>
        <line num="14" count="2" type="stmt"/>
        <line num="18" count="2" type="stmt"/>
        <line num="19" count="23" type="stmt"/>
        <line num="20" count="7" type="stmt"/>
        <line num="41" count="2" type="stmt"/>
        <line num="42" count="7" type="stmt"/>
        <line num="64" count="3" type="stmt"/>
      </file>
      <file name="AuthSwitch.tsx" path="/Users/danielstahl/Documents/code/apps/minidsp/minidsp-remote-control/client/src/components/AuthSwitch.tsx">
        <metrics statements="10" coveredstatements="0" conditionals="0" coveredconditionals="0" methods="4" coveredmethods="0"/>
        <line num="8" count="0" type="stmt"/>
        <line num="12" count="0" type="stmt"/>
        <line num="15" count="0" type="stmt"/>
        <line num="18" count="0" type="stmt"/>
        <line num="20" count="0" type="stmt"/>
        <line num="26" count="0" type="stmt"/>
        <line num="27" count="0" type="stmt"/>
        <line num="29" count="0" type="stmt"/>
        <line num="35" count="0" type="stmt"/>
        <line num="40" count="0" type="stmt"/>
      </file>
      <file name="DownloadCaPem.tsx" path="/Users/danielstahl/Documents/code/apps/minidsp/minidsp-remote-control/client/src/components/DownloadCaPem.tsx">
        <metrics statements="5" coveredstatements="0" conditionals="0" coveredconditionals="0" methods="2" coveredmethods="0"/>
        <line num="7" count="0" type="stmt"/>
        <line num="10" count="0" type="stmt"/>
        <line num="11" count="0" type="stmt"/>
        <line num="12" count="0" type="stmt"/>
        <line num="14" count="0" type="stmt"/>
      </file>
      <file name="GenerateCerts.tsx" path="/Users/danielstahl/Documents/code/apps/minidsp/minidsp-remote-control/client/src/components/GenerateCerts.tsx">
        <metrics statements="15" coveredstatements="0" conditionals="0" coveredconditionals="0" methods="8" coveredmethods="0"/>
        <line num="14" count="0" type="stmt"/>
        <line num="15" count="0" type="stmt"/>
        <line num="18" count="0" type="stmt"/>
        <line num="21" count="0" type="stmt"/>
        <line num="22" count="0" type="stmt"/>
        <line num="26" count="0" type="stmt"/>
        <line num="27" count="0" type="stmt"/>
        <line num="32" count="0" type="stmt"/>
        <line num="33" count="0" type="stmt"/>
        <line num="34" count="0" type="stmt"/>
        <line num="35" count="0" type="stmt"/>
        <line num="38" count="0" type="stmt"/>
        <line num="44" count="0" type="stmt"/>
        <line num="49" count="0" type="stmt"/>
        <line num="51" count="0" type="stmt"/>
      </file>
      <file name="GenerateKeyPair.tsx" path="/Users/danielstahl/Documents/code/apps/minidsp/minidsp-remote-control/client/src/components/GenerateKeyPair.tsx">
        <metrics statements="21" coveredstatements="19" conditionals="10" coveredconditionals="8" methods="9" coveredmethods="7"/>
        <line num="20" count="1" type="stmt"/>
        <line num="24" count="8" type="stmt"/>
        <line num="28" count="8" type="stmt"/>
        <line num="30" count="8" type="stmt"/>
        <line num="34" count="8" type="stmt"/>
        <line num="35" count="0" type="stmt"/>
        <line num="40" count="8" type="cond" truecount="2" falsecount="0"/>
        <line num="41" count="8" type="stmt"/>
        <line num="42" count="2" type="stmt"/>
        <line num="43" count="2" type="stmt"/>
        <line num="44" count="2" type="stmt"/>
        <line num="46" count="2" type="stmt"/>
        <line num="48" count="2" type="cond" truecount="2" falsecount="0"/>
        <line num="52" count="1" type="stmt"/>
        <line num="53" count="1" type="stmt"/>
        <line num="62" count="2" type="cond" truecount="2" falsecount="0"/>
        <line num="63" count="2" type="stmt"/>
        <line num="72" count="2" type="stmt"/>
        <line num="77" count="0" type="stmt"/>
        <line num="83" count="2" type="stmt"/>
        <line num="87" count="8" type="stmt"/>
      </file>
      <file name="Message.tsx" path="/Users/danielstahl/Documents/code/apps/minidsp/minidsp-remote-control/client/src/components/Message.tsx">
        <metrics statements="1" coveredstatements="1" conditionals="2" coveredconditionals="1" methods="1" coveredmethods="1"/>
        <line num="14" count="8" type="stmt"/>
      </file>
      <file name="NoUserNotification.tsx" path="/Users/danielstahl/Documents/code/apps/minidsp/minidsp-remote-control/client/src/components/NoUserNotification.tsx">
        <metrics statements="11" coveredstatements="8" conditionals="2" coveredconditionals="2" methods="5" coveredmethods="2"/>
        <line num="16" count="2" type="stmt"/>
        <line num="17" count="7" type="cond" truecount="2" falsecount="0"/>
        <line num="20" count="2" type="stmt"/>
        <line num="21" count="4" type="stmt"/>
        <line num="25" count="4" type="stmt"/>
        <line num="26" count="4" type="stmt"/>
        <line num="28" count="4" type="stmt"/>
        <line num="29" count="0" type="stmt"/>
        <line num="30" count="0" type="stmt"/>
        <line num="36" count="4" type="stmt"/>
        <line num="82" count="0" type="stmt"/>
      </file>
      <file name="PowerCard.tsx" path="/Users/danielstahl/Documents/code/apps/minidsp/minidsp-remote-control/client/src/components/PowerCard.tsx">
        <metrics statements="11" coveredstatements="8" conditionals="2" coveredconditionals="0" methods="7" coveredmethods="4"/>
        <line num="21" count="1" type="stmt"/>
        <line num="22" count="1" type="stmt"/>
        <line num="24" count="1" type="stmt"/>
        <line num="33" count="1" type="stmt"/>
        <line num="34" count="1" type="stmt"/>
        <line num="55" count="0" type="cond" truecount="0" falsecount="2"/>
        <line num="85" count="0" type="stmt"/>
        <line num="88" count="8" type="stmt"/>
        <line num="90" count="4" type="stmt"/>
        <line num="118" count="0" type="stmt"/>
        <line num="121" count="5" type="stmt"/>
      </file>
      <file name="SSLNotification.tsx" path="/Users/danielstahl/Documents/code/apps/minidsp/minidsp-remote-control/client/src/components/SSLNotification.tsx">
        <metrics statements="9" coveredstatements="9" conditionals="2" coveredconditionals="1" methods="3" coveredmethods="3"/>
        <line num="9" count="2" type="stmt"/>
        <line num="11" count="2" type="stmt"/>
        <line num="12" count="5" type="stmt"/>
        <line num="15" count="2" type="stmt"/>
        <line num="16" count="8" type="stmt"/>
        <line num="21" count="2" type="stmt"/>
        <line num="28" count="3" type="stmt"/>
        <line num="29" count="3" type="stmt"/>
        <line num="30" count="3" type="stmt"/>
      </file>
      <file name="Settings.tsx" path="/Users/danielstahl/Documents/code/apps/minidsp/minidsp-remote-control/client/src/components/Settings.tsx">
        <metrics statements="5" coveredstatements="0" conditionals="0" coveredconditionals="0" methods="3" coveredmethods="0"/>
        <line num="17" count="0" type="stmt"/>
        <line num="28" count="0" type="stmt"/>
        <line num="30" count="0" type="stmt"/>
        <line num="32" count="0" type="stmt"/>
        <line num="46" count="0" type="stmt"/>
      </file>
      <file name="VolumeCard.tsx" path="/Users/danielstahl/Documents/code/apps/minidsp/minidsp-remote-control/client/src/components/VolumeCard.tsx">
        <metrics statements="15" coveredstatements="11" conditionals="0" coveredconditionals="0" methods="9" coveredmethods="6"/>
        <line num="14" count="2" type="stmt"/>
        <line num="23" count="2" type="stmt"/>
        <line num="30" count="1" type="stmt"/>
        <line num="31" count="1" type="stmt"/>
        <line num="36" count="1" type="stmt"/>
        <line num="43" count="1" type="stmt"/>
        <line num="70" count="2" type="stmt"/>
        <line num="71" count="3" type="stmt"/>
        <line num="72" count="2" type="stmt"/>
        <line num="79" count="1" type="stmt"/>
        <line num="89" count="0" type="stmt"/>
        <line num="94" count="1" type="stmt"/>
        <line num="101" count="0" type="stmt"/>
        <line num="102" count="0" type="stmt"/>
        <line num="105" count="0" type="stmt"/>
      </file>
    </package>
    <package name="src.services">
      <metrics statements="91" coveredstatements="51" conditionals="9" coveredconditionals="3" methods="43" coveredmethods="14"/>
      <file name="api.tsx" path="/Users/danielstahl/Documents/code/apps/minidsp/minidsp-remote-control/client/src/services/api.tsx">
        <metrics statements="60" coveredstatements="20" conditionals="4" coveredconditionals="0" methods="32" coveredmethods="3"/>
        <line num="49" count="5" type="stmt"/>
        <line num="50" count="4" type="stmt"/>
        <line num="55" count="5" type="stmt"/>
        <line num="56" count="0" type="stmt"/>
        <line num="64" count="5" type="stmt"/>
        <line num="67" count="5" type="stmt"/>
        <line num="70" count="1" type="stmt"/>
        <line num="73" count="5" type="stmt"/>
        <line num="74" count="0" type="stmt"/>
        <line num="77" count="5" type="stmt"/>
        <line num="78" count="0" type="stmt"/>
        <line num="81" count="5" type="stmt"/>
        <line num="82" count="0" type="stmt"/>
        <line num="85" count="5" type="stmt"/>
        <line num="86" count="0" type="stmt"/>
        <line num="88" count="5" type="stmt"/>
        <line num="89" count="0" type="stmt"/>
        <line num="91" count="5" type="stmt"/>
        <line num="92" count="0" type="stmt"/>
        <line num="97" count="5" type="stmt"/>
        <line num="98" count="0" type="stmt"/>
        <line num="99" count="0" type="stmt"/>
        <line num="101" count="0" type="stmt"/>
        <line num="102" count="0" type="stmt"/>
        <line num="117" count="5" type="stmt"/>
        <line num="121" count="0" type="stmt"/>
        <line num="122" count="0" type="stmt"/>
        <line num="126" count="0" type="stmt"/>
        <line num="132" count="5" type="stmt"/>
        <line num="133" count="0" type="stmt"/>
        <line num="134" count="0" type="stmt"/>
        <line num="138" count="0" type="stmt"/>
        <line num="145" count="5" type="stmt"/>
        <line num="150" count="0" type="stmt"/>
        <line num="151" count="0" type="stmt"/>
        <line num="155" count="0" type="stmt"/>
        <line num="158" count="5" type="stmt"/>
        <line num="159" count="0" type="stmt"/>
        <line num="161" count="5" type="stmt"/>
        <line num="162" count="1" type="stmt"/>
        <line num="164" count="5" type="stmt"/>
        <line num="165" count="0" type="stmt"/>
        <line num="173" count="0" type="cond" truecount="0" falsecount="2"/>
        <line num="174" count="0" type="stmt"/>
        <line num="175" count="0" type="stmt"/>
        <line num="177" count="0" type="stmt"/>
        <line num="179" count="0" type="stmt"/>
        <line num="181" count="0" type="cond" truecount="0" falsecount="2"/>
        <line num="182" count="0" type="stmt"/>
        <line num="183" count="0" type="stmt"/>
        <line num="186" count="0" type="stmt"/>
        <line num="187" count="0" type="stmt"/>
        <line num="193" count="0" type="stmt"/>
        <line num="196" count="0" type="stmt"/>
        <line num="198" count="0" type="stmt"/>
        <line num="199" count="0" type="stmt"/>
        <line num="201" count="0" type="stmt"/>
        <line num="202" count="0" type="stmt"/>
        <line num="204" count="0" type="stmt"/>
        <line num="206" count="0" type="stmt"/>
      </file>
      <file name="keyCreation.tsx" path="/Users/danielstahl/Documents/code/apps/minidsp/minidsp-remote-control/client/src/services/keyCreation.tsx">
        <metrics statements="31" coveredstatements="31" conditionals="5" coveredconditionals="3" methods="11" coveredmethods="11"/>
        <line num="1" count="4" type="stmt"/>
        <line num="2" count="2" type="stmt"/>
        <line num="12" count="2" type="stmt"/>
        <line num="15" count="2" type="stmt"/>
        <line num="20" count="6" type="stmt"/>
        <line num="21" count="6" type="stmt"/>
        <line num="22" count="6" type="stmt"/>
        <line num="23" count="6" type="stmt"/>
        <line num="26" count="6" type="stmt"/>
        <line num="31" count="5" type="stmt"/>
        <line num="32" count="5" type="stmt"/>
        <line num="33" count="5" type="stmt"/>
        <line num="34" count="5" type="stmt"/>
        <line num="37" count="5" type="stmt"/>
        <line num="41" count="3" type="stmt"/>
        <line num="44" count="3" type="stmt"/>
        <line num="51" count="2" type="stmt"/>
        <line num="52" count="2" type="stmt"/>
        <line num="53" count="2" type="stmt"/>
        <line num="58" count="2" type="stmt"/>
        <line num="64" count="2" type="stmt"/>
        <line num="74" count="2" type="stmt"/>
        <line num="81" count="2" type="stmt"/>
        <line num="83" count="2" type="stmt"/>
        <line num="84" count="2" type="stmt"/>
        <line num="96" count="2" type="stmt"/>
        <line num="105" count="2" type="stmt"/>
        <line num="108" count="2" type="stmt"/>
        <line num="111" count="4" type="stmt"/>
        <line num="112" count="3" type="cond" truecount="1" falsecount="1"/>
        <line num="113" count="3" type="stmt"/>
      </file>
    </package>
    <package name="src.state">
      <metrics statements="73" coveredstatements="67" conditionals="16" coveredconditionals="14" methods="28" coveredmethods="22"/>
      <file name="credActions.tsx" path="/Users/danielstahl/Documents/code/apps/minidsp/minidsp-remote-control/client/src/state/credActions.tsx">
        <metrics statements="11" coveredstatements="11" conditionals="2" coveredconditionals="2" methods="4" coveredmethods="4"/>
        <line num="17" count="3" type="stmt"/>
        <line num="22" count="3" type="stmt"/>
        <line num="23" count="3" type="cond" truecount="2" falsecount="0"/>
        <line num="25" count="2" type="stmt"/>
        <line num="27" count="1" type="stmt"/>
        <line num="31" count="3" type="stmt"/>
        <line num="36" count="3" type="stmt"/>
        <line num="37" count="4" type="stmt"/>
        <line num="39" count="4" type="stmt"/>
        <line num="46" count="3" type="stmt"/>
        <line num="47" count="8" type="stmt"/>
      </file>
      <file name="expiryActions.tsx" path="/Users/danielstahl/Documents/code/apps/minidsp/minidsp-remote-control/client/src/state/expiryActions.tsx">
        <metrics statements="15" coveredstatements="15" conditionals="2" coveredconditionals="2" methods="5" coveredmethods="4"/>
        <line num="18" count="2" type="stmt"/>
        <line num="19" count="3" type="stmt"/>
        <line num="21" count="3" type="stmt"/>
        <line num="22" count="3" type="stmt"/>
        <line num="24" count="2" type="stmt"/>
        <line num="28" count="2" type="stmt"/>
        <line num="29" count="2" type="cond" truecount="2" falsecount="0"/>
        <line num="31" count="1" type="stmt"/>
        <line num="33" count="1" type="stmt"/>
        <line num="37" count="2" type="stmt"/>
        <line num="42" count="2" type="stmt"/>
        <line num="43" count="1" type="stmt"/>
        <line num="44" count="1" type="stmt"/>
        <line num="51" count="2" type="stmt"/>
        <line num="52" count="2" type="stmt"/>
      </file>
      <file name="minidspActions.tsx" path="/Users/danielstahl/Documents/code/apps/minidsp/minidsp-remote-control/client/src/state/minidspActions.tsx">
        <metrics statements="13" coveredstatements="13" conditionals="2" coveredconditionals="2" methods="4" coveredmethods="3"/>
        <line num="16" count="3" type="stmt"/>
        <line num="17" count="3" type="stmt"/>
        <line num="18" count="3" type="stmt"/>
        <line num="25" count="3" type="stmt"/>
        <line num="26" count="2" type="cond" truecount="2" falsecount="0"/>
        <line num="28" count="1" type="stmt"/>
        <line num="30" count="1" type="stmt"/>
        <line num="34" count="3" type="stmt"/>
        <line num="39" count="3" type="stmt"/>
        <line num="40" count="1" type="stmt"/>
        <line num="42" count="1" type="stmt"/>
        <line num="49" count="3" type="stmt"/>
        <line num="50" count="2" type="stmt"/>
      </file>
      <file name="persistance.tsx" path="/Users/danielstahl/Documents/code/apps/minidsp/minidsp-remote-control/client/src/state/persistance.tsx">
        <metrics statements="13" coveredstatements="12" conditionals="6" coveredconditionals="6" methods="6" coveredmethods="5"/>
        <line num="3" count="4" type="stmt"/>
        <line num="4" count="4" type="stmt"/>
        <line num="5" count="4" type="stmt"/>
        <line num="6" count="4" type="stmt"/>
        <line num="7" count="0" type="stmt"/>
        <line num="8" count="4" type="stmt"/>
        <line num="9" count="1" type="cond" truecount="2" falsecount="0"/>
        <line num="11" count="4" type="stmt"/>
        <line num="12" count="3" type="stmt"/>
        <line num="14" count="8" type="cond" truecount="2" falsecount="0"/>
        <line num="16" count="4" type="stmt"/>
        <line num="17" count="2" type="stmt"/>
        <line num="19" count="12" type="cond" truecount="2" falsecount="0"/>
      </file>
      <file name="themeActions.tsx" path="/Users/danielstahl/Documents/code/apps/minidsp/minidsp-remote-control/client/src/state/themeActions.tsx">
        <metrics statements="10" coveredstatements="5" conditionals="2" coveredconditionals="0" methods="4" coveredmethods="1"/>
        <line num="18" count="1" type="stmt"/>
        <line num="19" count="0" type="cond" truecount="0" falsecount="2"/>
        <line num="21" count="0" type="stmt"/>
        <line num="23" count="0" type="stmt"/>
        <line num="27" count="1" type="stmt"/>
        <line num="32" count="1" type="stmt"/>
        <line num="33" count="0" type="stmt"/>
        <line num="34" count="0" type="stmt"/>
        <line num="41" count="1" type="stmt"/>
        <line num="42" count="1" type="stmt"/>
      </file>
      <file name="userActions.tsx" path="/Users/danielstahl/Documents/code/apps/minidsp/minidsp-remote-control/client/src/state/userActions.tsx">
        <metrics statements="11" coveredstatements="11" conditionals="2" coveredconditionals="2" methods="5" coveredmethods="5"/>
        <line num="19" count="12" type="stmt"/>
        <line num="24" count="4" type="stmt"/>
        <line num="25" count="4" type="cond" truecount="2" falsecount="0"/>
        <line num="27" count="3" type="stmt"/>
        <line num="29" count="1" type="stmt"/>
        <line num="32" count="4" type="stmt"/>
        <line num="37" count="4" type="stmt"/>
        <line num="38" count="7" type="stmt"/>
        <line num="39" count="7" type="stmt"/>
        <line num="46" count="4" type="stmt"/>
        <line num="47" count="16" type="stmt"/>
      </file>
    </package>
    <package name="src.styles">
      <metrics statements="13" coveredstatements="11" conditionals="3" coveredconditionals="1" methods="1" coveredmethods="1"/>
      <file name="modes.tsx" path="/Users/danielstahl/Documents/code/apps/minidsp/minidsp-remote-control/client/src/styles/modes.tsx">
        <metrics statements="13" coveredstatements="11" conditionals="3" coveredconditionals="1" methods="1" coveredmethods="1"/>
        <line num="3" count="5" type="stmt"/>
        <line num="5" count="5" type="stmt"/>
        <line num="10" count="5" type="stmt"/>
        <line num="21" count="5" type="stmt"/>
        <line num="26" count="5" type="stmt"/>
        <line num="34" count="5" type="stmt"/>
        <line num="39" count="5" type="stmt"/>
        <line num="47" count="5" type="stmt"/>
        <line num="53" count="5" type="stmt"/>
        <line num="54" count="1" type="cond" truecount="1" falsecount="2"/>
        <line num="56" count="1" type="stmt"/>
        <line num="58" count="0" type="stmt"/>
        <line num="60" count="0" type="stmt"/>
      </file>
    </package>
    <package name="src.utils">
      <metrics statements="25" coveredstatements="15" conditionals="16" coveredconditionals="9" methods="8" coveredmethods="5"/>
      <file name="refresh.tsx" path="/Users/danielstahl/Documents/code/apps/minidsp/minidsp-remote-control/client/src/utils/refresh.tsx">
        <metrics statements="25" coveredstatements="15" conditionals="16" coveredconditionals="9" methods="8" coveredmethods="5"/>
        <line num="16" count="2" type="stmt"/>
        <line num="17" count="4" type="cond" truecount="4" falsecount="0"/>
        <line num="18" count="1" type="stmt"/>
        <line num="20" count="3" type="cond" truecount="4" falsecount="0"/>
        <line num="21" count="1" type="stmt"/>
        <line num="23" count="2" type="stmt"/>
        <line num="27" count="2" type="stmt"/>
        <line num="28" count="0" type="cond" truecount="0" falsecount="2"/>
        <line num="29" count="0" type="stmt"/>
        <line num="30" count="0" type="stmt"/>
        <line num="31" count="0" type="cond" truecount="0" falsecount="2"/>
        <line num="32" count="0" type="stmt"/>
        <line num="37" count="0" type="stmt"/>
        <line num="40" count="2" type="stmt"/>
        <line num="41" count="0" type="cond" truecount="0" falsecount="2"/>
        <line num="44" count="0" type="stmt"/>
        <line num="45" count="0" type="stmt"/>
        <line num="51" count="2" type="stmt"/>
        <line num="54" count="2" type="stmt"/>
        <line num="55" count="2" type="stmt"/>
        <line num="59" count="2" type="stmt"/>
        <line num="61" count="0" type="stmt"/>
        <line num="63" count="2" type="cond" truecount="1" falsecount="1"/>
        <line num="64" count="2" type="stmt"/>
        <line num="65" count="2" type="stmt"/>
      </file>
    </package>
  </project>
</coverage>
