{"/Users/danielstahl/Documents/code/apps/minidsp/minidsp-remote-control/client/src/App.tsx": {"path":"/Users/danielstahl/Documents/code/apps/minidsp/minidsp-remote-control/client/src/App.tsx","statementMap":{"0":{"start":{"line":60,"column":2},"end":{"line":106,"column":4}},"1":{"start":{"line":61,"column":11},"end":{"line":104,"column":5}},"2":{"start":{"line":63,"column":8},"end":{"line":66,"column":11}},"3":{"start":{"line":67,"column":8},"end":{"line":67,"column":35}},"4":{"start":{"line":70,"column":8},"end":{"line":73,"column":11}},"5":{"start":{"line":74,"column":8},"end":{"line":74,"column":35}},"6":{"start":{"line":77,"column":8},"end":{"line":80,"column":11}},"7":{"start":{"line":81,"column":8},"end":{"line":81,"column":26}},"8":{"start":{"line":84,"column":8},"end":{"line":87,"column":11}},"9":{"start":{"line":88,"column":8},"end":{"line":88,"column":28}},"10":{"start":{"line":91,"column":8},"end":{"line":94,"column":11}},"11":{"start":{"line":95,"column":8},"end":{"line":95,"column":33}},"12":{"start":{"line":98,"column":8},"end":{"line":101,"column":11}},"13":{"start":{"line":102,"column":8},"end":{"line":102,"column":35}},"14":{"start":{"line":109,"column":22},"end":{"line":109,"column":26}},"15":{"start":{"line":113,"column":28},"end":{"line":113,"column":34}},"16":{"start":{"line":118,"column":6},"end":{"line":118,"column":34}},"17":{"start":{"line":122,"column":29},"end":{"line":122,"column":47}},"18":{"start":{"line":126,"column":22},"end":{"line":126,"column":39}},"19":{"start":{"line":131,"column":6},"end":{"line":131,"column":29}},"20":{"start":{"line":135,"column":6},"end":{"line":135,"column":21}},"21":{"start":{"line":137,"column":2},"end":{"line":142,"column":35}},"22":{"start":{"line":138,"column":4},"end":{"line":141,"column":6}},"23":{"start":{"line":143,"column":2},"end":{"line":148,"column":27}},"24":{"start":{"line":144,"column":4},"end":{"line":147,"column":6}},"25":{"start":{"line":149,"column":2},"end":{"line":153,"column":30}},"26":{"start":{"line":150,"column":4},"end":{"line":152,"column":5}},"27":{"start":{"line":151,"column":6},"end":{"line":151,"column":68}},"28":{"start":{"line":155,"column":2},"end":{"line":160,"column":23}},"29":{"start":{"line":157,"column":4},"end":{"line":159,"column":5}},"30":{"start":{"line":158,"column":6},"end":{"line":158,"column":63}},"31":{"start":{"line":163,"column":20},"end":{"line":169,"column":3}},"32":{"start":{"line":165,"column":6},"end":{"line":167,"column":7}},"33":{"start":{"line":166,"column":8},"end":{"line":166,"column":70}},"34":{"start":{"line":172,"column":18},"end":{"line":176,"column":3}},"35":{"start":{"line":177,"column":2},"end":{"line":179,"column":19}},"36":{"start":{"line":178,"column":4},"end":{"line":178,"column":46}},"37":{"start":{"line":180,"column":2},"end":{"line":185,"column":26}},"38":{"start":{"line":180,"column":20},"end":{"line":185,"column":4}},"39":{"start":{"line":181,"column":4},"end":{"line":184,"column":7}},"40":{"start":{"line":189,"column":6},"end":{"line":189,"column":22}},"41":{"start":{"line":190,"column":26},"end":{"line":193,"column":3}},"42":{"start":{"line":191,"column":4},"end":{"line":191,"column":59}},"43":{"start":{"line":192,"column":4},"end":{"line":192,"column":26}},"44":{"start":{"line":194,"column":16},"end":{"line":194,"column":37}},"45":{"start":{"line":196,"column":2},"end":{"line":244,"column":4}},"46":{"start":{"line":205,"column":40},"end":{"line":205,"column":72}}},"fnMap":{"0":{"name":"useParameterUpdates","decl":{"start":{"line":55,"column":9},"end":{"line":55,"column":28}},"loc":{"start":{"line":59,"column":2},"end":{"line":107,"column":1}},"line":59},"1":{"name":"(anonymous_1)","decl":{"start":{"line":61,"column":4},"end":{"line":61,"column":5}},"loc":{"start":{"line":61,"column":11},"end":{"line":104,"column":5}},"line":61},"2":{"name":"(anonymous_2)","decl":{"start":{"line":62,"column":20},"end":{"line":62,"column":21}},"loc":{"start":{"line":62,"column":40},"end":{"line":68,"column":7}},"line":62},"3":{"name":"(anonymous_3)","decl":{"start":{"line":69,"column":20},"end":{"line":69,"column":21}},"loc":{"start":{"line":69,"column":40},"end":{"line":75,"column":7}},"line":69},"4":{"name":"(anonymous_4)","decl":{"start":{"line":76,"column":16},"end":{"line":76,"column":17}},"loc":{"start":{"line":76,"column":55},"end":{"line":82,"column":7}},"line":76},"5":{"name":"(anonymous_5)","decl":{"start":{"line":83,"column":18},"end":{"line":83,"column":19}},"loc":{"start":{"line":83,"column":57},"end":{"line":89,"column":7}},"line":83},"6":{"name":"(anonymous_6)","decl":{"start":{"line":90,"column":19},"end":{"line":90,"column":20}},"loc":{"start":{"line":90,"column":37},"end":{"line":96,"column":7}},"line":90},"7":{"name":"(anonymous_7)","decl":{"start":{"line":97,"column":20},"end":{"line":97,"column":21}},"loc":{"start":{"line":97,"column":40},"end":{"line":103,"column":7}},"line":97},"8":{"name":"App","decl":{"start":{"line":114,"column":9},"end":{"line":114,"column":12}},"loc":{"start":{"line":114,"column":15},"end":{"line":245,"column":1}},"line":114},"9":{"name":"(anonymous_9)","decl":{"start":{"line":137,"column":12},"end":{"line":137,"column":13}},"loc":{"start":{"line":137,"column":18},"end":{"line":142,"column":3}},"line":137},"10":{"name":"(anonymous_10)","decl":{"start":{"line":143,"column":12},"end":{"line":143,"column":13}},"loc":{"start":{"line":143,"column":18},"end":{"line":148,"column":3}},"line":143},"11":{"name":"(anonymous_11)","decl":{"start":{"line":149,"column":12},"end":{"line":149,"column":13}},"loc":{"start":{"line":149,"column":18},"end":{"line":153,"column":3}},"line":149},"12":{"name":"(anonymous_12)","decl":{"start":{"line":150,"column":58},"end":{"line":150,"column":59}},"loc":{"start":{"line":151,"column":6},"end":{"line":151,"column":68}},"line":151},"13":{"name":"(anonymous_13)","decl":{"start":{"line":155,"column":12},"end":{"line":155,"column":13}},"loc":{"start":{"line":155,"column":18},"end":{"line":160,"column":3}},"line":155},"14":{"name":"(anonymous_14)","decl":{"start":{"line":157,"column":23},"end":{"line":157,"column":24}},"loc":{"start":{"line":158,"column":6},"end":{"line":158,"column":63}},"line":158},"15":{"name":"(anonymous_15)","decl":{"start":{"line":164,"column":4},"end":{"line":164,"column":5}},"loc":{"start":{"line":165,"column":6},"end":{"line":167,"column":7}},"line":165},"16":{"name":"(anonymous_16)","decl":{"start":{"line":165,"column":50},"end":{"line":165,"column":51}},"loc":{"start":{"line":166,"column":8},"end":{"line":166,"column":70}},"line":166},"17":{"name":"(anonymous_17)","decl":{"start":{"line":177,"column":14},"end":{"line":177,"column":15}},"loc":{"start":{"line":177,"column":20},"end":{"line":179,"column":3}},"line":177},"18":{"name":"(anonymous_18)","decl":{"start":{"line":180,"column":14},"end":{"line":180,"column":15}},"loc":{"start":{"line":180,"column":20},"end":{"line":185,"column":4}},"line":180},"19":{"name":"(anonymous_19)","decl":{"start":{"line":180,"column":51},"end":{"line":180,"column":52}},"loc":{"start":{"line":180,"column":67},"end":{"line":185,"column":3}},"line":180},"20":{"name":"(anonymous_20)","decl":{"start":{"line":190,"column":26},"end":{"line":190,"column":27}},"loc":{"start":{"line":190,"column":49},"end":{"line":193,"column":3}},"line":190},"21":{"name":"(anonymous_21)","decl":{"start":{"line":205,"column":29},"end":{"line":205,"column":30}},"loc":{"start":{"line":205,"column":40},"end":{"line":205,"column":72}},"line":205}},"branchMap":{"0":{"loc":{"start":{"line":181,"column":4},"end":{"line":184,"column":6}},"type":"binary-expr","locations":[{"start":{"line":181,"column":4},"end":{"line":181,"column":14}},{"start":{"line":181,"column":18},"end":{"line":184,"column":6}}],"line":181}},"s":{"0":1,"1":1,"2":0,"3":0,"4":0,"5":0,"6":0,"7":0,"8":0,"9":0,"10":0,"11":0,"12":0,"13":0,"14":1,"15":1,"16":1,"17":1,"18":1,"19":1,"20":1,"21":1,"22":1,"23":1,"24":1,"25":1,"26":1,"27":0,"28":1,"29":1,"30":0,"31":1,"32":0,"33":0,"34":1,"35":1,"36":0,"37":1,"38":0,"39":0,"40":1,"41":1,"42":0,"43":0,"44":1,"45":1,"46":1},"f":{"0":1,"1":1,"2":0,"3":0,"4":0,"5":0,"6":0,"7":0,"8":1,"9":1,"10":1,"11":1,"12":0,"13":1,"14":0,"15":0,"16":0,"17":0,"18":0,"19":0,"20":0,"21":1},"b":{"0":[0,0]},"_coverageSchema":"1a1c01bbd47fc00a2c39e90264f33305004495a9","hash":"35e72067a24e0e5e200f7954ac9a3ea1dd0a3d98"}
,"/Users/danielstahl/Documents/code/apps/minidsp/minidsp-remote-control/client/src/index.tsx": {"path":"/Users/danielstahl/Documents/code/apps/minidsp/minidsp-remote-control/client/src/index.tsx","statementMap":{"0":{"start":{"line":18,"column":13},"end":{"line":20,"column":1}},"1":{"start":{"line":22,"column":13},"end":{"line":34,"column":2}},"2":{"start":{"line":26,"column":18},"end":{"line":29,"column":8}},"3":{"start":{"line":26,"column":69},"end":{"line":29,"column":7}},"4":{"start":{"line":26,"column":109},"end":{"line":29,"column":5}},"5":{"start":{"line":37,"column":0},"end":{"line":51,"column":2}},"6":{"start":{"line":56,"column":0},"end":{"line":56,"column":18}}},"fnMap":{"0":{"name":"(anonymous_0)","decl":{"start":{"line":26,"column":12},"end":{"line":26,"column":13}},"loc":{"start":{"line":26,"column":18},"end":{"line":29,"column":8}},"line":26},"1":{"name":"(anonymous_1)","decl":{"start":{"line":26,"column":43},"end":{"line":26,"column":44}},"loc":{"start":{"line":26,"column":69},"end":{"line":29,"column":7}},"line":26},"2":{"name":"(anonymous_2)","decl":{"start":{"line":26,"column":100},"end":{"line":26,"column":101}},"loc":{"start":{"line":26,"column":109},"end":{"line":29,"column":5}},"line":26}},"branchMap":{},"s":{"0":0,"1":0,"2":0,"3":0,"4":0,"5":0,"6":0},"f":{"0":0,"1":0,"2":0},"b":{}}
,"/Users/danielstahl/Documents/code/apps/minidsp/minidsp-remote-control/client/src/reportWebVitals.ts": {"path":"/Users/danielstahl/Documents/code/apps/minidsp/minidsp-remote-control/client/src/reportWebVitals.ts","statementMap":{"0":{"start":{"line":3,"column":24},"end":{"line":13,"column":1}},"1":{"start":{"line":4,"column":2},"end":{"line":12,"column":3}},"2":{"start":{"line":5,"column":4},"end":{"line":11,"column":7}},"3":{"start":{"line":6,"column":6},"end":{"line":6,"column":26}},"4":{"start":{"line":7,"column":6},"end":{"line":7,"column":26}},"5":{"start":{"line":8,"column":6},"end":{"line":8,"column":26}},"6":{"start":{"line":9,"column":6},"end":{"line":9,"column":26}},"7":{"start":{"line":10,"column":6},"end":{"line":10,"column":27}}},"fnMap":{"0":{"name":"(anonymous_0)","decl":{"start":{"line":3,"column":24},"end":{"line":3,"column":25}},"loc":{"start":{"line":3,"column":57},"end":{"line":13,"column":1}},"line":3},"1":{"name":"(anonymous_1)","decl":{"start":{"line":5,"column":30},"end":{"line":5,"column":31}},"loc":{"start":{"line":5,"column":79},"end":{"line":11,"column":5}},"line":5}},"branchMap":{"0":{"loc":{"start":{"line":4,"column":2},"end":{"line":12,"column":3}},"type":"if","locations":[{"start":{"line":4,"column":2},"end":{"line":12,"column":3}},{"start":{},"end":{}}],"line":4},"1":{"loc":{"start":{"line":4,"column":6},"end":{"line":4,"column":52}},"type":"binary-expr","locations":[{"start":{"line":4,"column":6},"end":{"line":4,"column":17}},{"start":{"line":4,"column":21},"end":{"line":4,"column":52}}],"line":4}},"s":{"0":0,"1":0,"2":0,"3":0,"4":0,"5":0,"6":0,"7":0},"f":{"0":0,"1":0},"b":{"0":[0,0],"1":[0,0]}}
,"/Users/danielstahl/Documents/code/apps/minidsp/minidsp-remote-control/client/src/components/AppBar.tsx": {"path":"/Users/danielstahl/Documents/code/apps/minidsp/minidsp-remote-control/client/src/components/AppBar.tsx","statementMap":{"0":{"start":{"line":14,"column":28},"end":{"line":14,"column":31}},"1":{"start":{"line":18,"column":15},"end":{"line":34,"column":3}},"2":{"start":{"line":19,"column":31},"end":{"line":19,"column":46}},"3":{"start":{"line":20,"column":38},"end":{"line":34,"column":1}},"4":{"start":{"line":41,"column":19},"end":{"line":79,"column":1}},"5":{"start":{"line":42,"column":2},"end":{"line":78,"column":4}},"6":{"start":{"line":64,"column":30},"end":{"line":64,"column":40}}},"fnMap":{"0":{"name":"(anonymous_0)","decl":{"start":{"line":19,"column":21},"end":{"line":19,"column":22}},"loc":{"start":{"line":19,"column":31},"end":{"line":19,"column":46}},"line":19},"1":{"name":"(anonymous_1)","decl":{"start":{"line":20,"column":16},"end":{"line":20,"column":17}},"loc":{"start":{"line":20,"column":38},"end":{"line":34,"column":1}},"line":20},"2":{"name":"(anonymous_2)","decl":{"start":{"line":41,"column":19},"end":{"line":41,"column":20}},"loc":{"start":{"line":41,"column":59},"end":{"line":79,"column":1}},"line":41},"3":{"name":"(anonymous_3)","decl":{"start":{"line":64,"column":20},"end":{"line":64,"column":21}},"loc":{"start":{"line":64,"column":30},"end":{"line":64,"column":40}},"line":64}},"branchMap":{"0":{"loc":{"start":{"line":26,"column":6},"end":{"line":33,"column":3}},"type":"binary-expr","locations":[{"start":{"line":26,"column":6},"end":{"line":26,"column":10}},{"start":{"line":26,"column":14},"end":{"line":33,"column":3}}],"line":26}},"s":{"0":2,"1":2,"2":23,"3":7,"4":2,"5":7,"6":3},"f":{"0":23,"1":7,"2":7,"3":3},"b":{"0":[7,0]},"_coverageSchema":"1a1c01bbd47fc00a2c39e90264f33305004495a9","hash":"bc047262114268b6457c8b707493de2d06709e74"}
,"/Users/danielstahl/Documents/code/apps/minidsp/minidsp-remote-control/client/src/components/AuthSwitch.tsx": {"path":"/Users/danielstahl/Documents/code/apps/minidsp/minidsp-remote-control/client/src/components/AuthSwitch.tsx","statementMap":{"0":{"start":{"line":8,"column":19},"end":{"line":47,"column":1}},"1":{"start":{"line":12,"column":6},"end":{"line":12,"column":29}},"2":{"start":{"line":15,"column":6},"end":{"line":15,"column":22}},"3":{"start":{"line":18,"column":6},"end":{"line":18,"column":21}},"4":{"start":{"line":20,"column":2},"end":{"line":46,"column":4}},"5":{"start":{"line":26,"column":28},"end":{"line":26,"column":44}},"6":{"start":{"line":27,"column":8},"end":{"line":39,"column":13}},"7":{"start":{"line":29,"column":12},"end":{"line":32,"column":15}},"8":{"start":{"line":35,"column":12},"end":{"line":38,"column":15}},"9":{"start":{"line":40,"column":8},"end":{"line":43,"column":11}}},"fnMap":{"0":{"name":"(anonymous_0)","decl":{"start":{"line":8,"column":19},"end":{"line":8,"column":20}},"loc":{"start":{"line":8,"column":25},"end":{"line":47,"column":1}},"line":8},"1":{"name":"(anonymous_1)","decl":{"start":{"line":25,"column":16},"end":{"line":25,"column":17}},"loc":{"start":{"line":25,"column":23},"end":{"line":44,"column":7}},"line":25},"2":{"name":"(anonymous_2)","decl":{"start":{"line":28,"column":16},"end":{"line":28,"column":17}},"loc":{"start":{"line":28,"column":28},"end":{"line":33,"column":11}},"line":28},"3":{"name":"(anonymous_3)","decl":{"start":{"line":34,"column":17},"end":{"line":34,"column":18}},"loc":{"start":{"line":34,"column":24},"end":{"line":39,"column":11}},"line":34}},"branchMap":{},"s":{"0":0,"1":0,"2":0,"3":0,"4":0,"5":0,"6":0,"7":0,"8":0,"9":0},"f":{"0":0,"1":0,"2":0,"3":0},"b":{}}
,"/Users/danielstahl/Documents/code/apps/minidsp/minidsp-remote-control/client/src/components/DownloadCaPem.tsx": {"path":"/Users/danielstahl/Documents/code/apps/minidsp/minidsp-remote-control/client/src/components/DownloadCaPem.tsx","statementMap":{"0":{"start":{"line":7,"column":22},"end":{"line":33,"column":1}},"1":{"start":{"line":10,"column":6},"end":{"line":10,"column":21}},"2":{"start":{"line":11,"column":22},"end":{"line":13,"column":3}},"3":{"start":{"line":12,"column":4},"end":{"line":12,"column":49}},"4":{"start":{"line":14,"column":2},"end":{"line":32,"column":4}}},"fnMap":{"0":{"name":"(anonymous_0)","decl":{"start":{"line":7,"column":22},"end":{"line":7,"column":23}},"loc":{"start":{"line":7,"column":28},"end":{"line":33,"column":1}},"line":7},"1":{"name":"(anonymous_1)","decl":{"start":{"line":11,"column":22},"end":{"line":11,"column":23}},"loc":{"start":{"line":11,"column":28},"end":{"line":13,"column":3}},"line":11}},"branchMap":{},"s":{"0":0,"1":0,"2":0,"3":0,"4":0},"f":{"0":0,"1":0},"b":{}}
,"/Users/danielstahl/Documents/code/apps/minidsp/minidsp-remote-control/client/src/components/GenerateCerts.tsx": {"path":"/Users/danielstahl/Documents/code/apps/minidsp/minidsp-remote-control/client/src/components/GenerateCerts.tsx","statementMap":{"0":{"start":{"line":14,"column":22},"end":{"line":78,"column":1}},"1":{"start":{"line":15,"column":36},"end":{"line":15,"column":51}},"2":{"start":{"line":18,"column":6},"end":{"line":18,"column":21}},"3":{"start":{"line":21,"column":6},"end":{"line":21,"column":23}},"4":{"start":{"line":22,"column":32},"end":{"line":25,"column":4}},"5":{"start":{"line":26,"column":26},"end":{"line":31,"column":3}},"6":{"start":{"line":27,"column":4},"end":{"line":30,"column":7}},"7":{"start":{"line":32,"column":24},"end":{"line":50,"column":3}},"8":{"start":{"line":33,"column":4},"end":{"line":33,"column":23}},"9":{"start":{"line":34,"column":4},"end":{"line":49,"column":42}},"10":{"start":{"line":34,"column":57},"end":{"line":34,"column":70}},"11":{"start":{"line":35,"column":6},"end":{"line":35,"column":63}},"12":{"start":{"line":38,"column":8},"end":{"line":41,"column":11}},"13":{"start":{"line":44,"column":8},"end":{"line":47,"column":11}},"14":{"start":{"line":49,"column":21},"end":{"line":49,"column":40}},"15":{"start":{"line":51,"column":2},"end":{"line":77,"column":4}}},"fnMap":{"0":{"name":"(anonymous_0)","decl":{"start":{"line":14,"column":22},"end":{"line":14,"column":23}},"loc":{"start":{"line":14,"column":28},"end":{"line":78,"column":1}},"line":14},"1":{"name":"(anonymous_1)","decl":{"start":{"line":26,"column":26},"end":{"line":26,"column":27}},"loc":{"start":{"line":26,"column":32},"end":{"line":31,"column":3}},"line":26},"2":{"name":"(anonymous_2)","decl":{"start":{"line":32,"column":24},"end":{"line":32,"column":25}},"loc":{"start":{"line":32,"column":30},"end":{"line":50,"column":3}},"line":32},"3":{"name":"(anonymous_3)","decl":{"start":{"line":34,"column":51},"end":{"line":34,"column":52}},"loc":{"start":{"line":34,"column":57},"end":{"line":34,"column":70}},"line":34},"4":{"name":"(anonymous_4)","decl":{"start":{"line":34,"column":77},"end":{"line":34,"column":78}},"loc":{"start":{"line":35,"column":6},"end":{"line":35,"column":63}},"line":35},"5":{"name":"(anonymous_5)","decl":{"start":{"line":37,"column":12},"end":{"line":37,"column":13}},"loc":{"start":{"line":37,"column":18},"end":{"line":42,"column":7}},"line":37},"6":{"name":"(anonymous_6)","decl":{"start":{"line":43,"column":13},"end":{"line":43,"column":14}},"loc":{"start":{"line":43,"column":20},"end":{"line":48,"column":7}},"line":43},"7":{"name":"(anonymous_7)","decl":{"start":{"line":49,"column":15},"end":{"line":49,"column":16}},"loc":{"start":{"line":49,"column":21},"end":{"line":49,"column":40}},"line":49}},"branchMap":{},"s":{"0":0,"1":0,"2":0,"3":0,"4":0,"5":0,"6":0,"7":0,"8":0,"9":0,"10":0,"11":0,"12":0,"13":0,"14":0,"15":0},"f":{"0":0,"1":0,"2":0,"3":0,"4":0,"5":0,"6":0,"7":0},"b":{}}
,"/Users/danielstahl/Documents/code/apps/minidsp/minidsp-remote-control/client/src/components/GenerateKeyPair.tsx": {"path":"/Users/danielstahl/Documents/code/apps/minidsp/minidsp-remote-control/client/src/components/GenerateKeyPair.tsx","statementMap":{"0":{"start":{"line":20,"column":22},"end":{"line":114,"column":1}},"1":{"start":{"line":24,"column":36},"end":{"line":24,"column":51}},"2":{"start":{"line":28,"column":6},"end":{"line":28,"column":21}},"3":{"start":{"line":30,"column":32},"end":{"line":33,"column":4}},"4":{"start":{"line":34,"column":26},"end":{"line":39,"column":3}},"5":{"start":{"line":35,"column":4},"end":{"line":38,"column":7}},"6":{"start":{"line":40,"column":25},"end":{"line":40,"column":55}},"7":{"start":{"line":41,"column":35},"end":{"line":86,"column":3}},"8":{"start":{"line":42,"column":4},"end":{"line":42,"column":23}},"9":{"start":{"line":43,"column":38},"end":{"line":43,"column":61}},"10":{"start":{"line":44,"column":4},"end":{"line":44,"column":31}},"11":{"start":{"line":46,"column":37},"end":{"line":46,"column":72}},"12":{"start":{"line":48,"column":4},"end":{"line":84,"column":8}},"13":{"start":{"line":52,"column":10},"end":{"line":52,"column":33}},"14":{"start":{"line":53,"column":10},"end":{"line":53,"column":21}},"15":{"start":{"line":62,"column":8},"end":{"line":70,"column":10}},"16":{"start":{"line":63,"column":10},"end":{"line":69,"column":12}},"17":{"start":{"line":72,"column":8},"end":{"line":75,"column":11}},"18":{"start":{"line":77,"column":8},"end":{"line":80,"column":11}},"19":{"start":{"line":83,"column":8},"end":{"line":83,"column":28}},"20":{"start":{"line":87,"column":2},"end":{"line":113,"column":4}}},"fnMap":{"0":{"name":"(anonymous_0)","decl":{"start":{"line":20,"column":22},"end":{"line":20,"column":23}},"loc":{"start":{"line":23,"column":14},"end":{"line":114,"column":1}},"line":23},"1":{"name":"(anonymous_1)","decl":{"start":{"line":34,"column":26},"end":{"line":34,"column":27}},"loc":{"start":{"line":34,"column":32},"end":{"line":39,"column":3}},"line":34},"2":{"name":"(anonymous_2)","decl":{"start":{"line":41,"column":35},"end":{"line":41,"column":36}},"loc":{"start":{"line":41,"column":47},"end":{"line":86,"column":3}},"line":41},"3":{"name":"(anonymous_3)","decl":{"start":{"line":51,"column":8},"end":{"line":51,"column":9}},"loc":{"start":{"line":51,"column":18},"end":{"line":54,"column":9}},"line":51},"4":{"name":"(anonymous_4)","decl":{"start":{"line":61,"column":14},"end":{"line":61,"column":15}},"loc":{"start":{"line":61,"column":30},"end":{"line":71,"column":7}},"line":61},"5":{"name":"(anonymous_5)","decl":{"start":{"line":62,"column":109},"end":{"line":62,"column":110}},"loc":{"start":{"line":62,"column":126},"end":{"line":70,"column":9}},"line":62},"6":{"name":"(anonymous_6)","decl":{"start":{"line":71,"column":14},"end":{"line":71,"column":15}},"loc":{"start":{"line":71,"column":20},"end":{"line":76,"column":7}},"line":71},"7":{"name":"(anonymous_7)","decl":{"start":{"line":76,"column":15},"end":{"line":76,"column":16}},"loc":{"start":{"line":76,"column":21},"end":{"line":81,"column":7}},"line":76},"8":{"name":"(anonymous_8)","decl":{"start":{"line":82,"column":15},"end":{"line":82,"column":16}},"loc":{"start":{"line":82,"column":21},"end":{"line":84,"column":7}},"line":82}},"branchMap":{"0":{"loc":{"start":{"line":21,"column":2},"end":{"line":21,"column":30}},"type":"default-arg","locations":[{"start":{"line":21,"column":20},"end":{"line":21,"column":30}}],"line":21},"1":{"loc":{"start":{"line":22,"column":2},"end":{"line":22,"column":30}},"type":"default-arg","locations":[{"start":{"line":22,"column":20},"end":{"line":22,"column":30}}],"line":22},"2":{"loc":{"start":{"line":40,"column":25},"end":{"line":40,"column":55}},"type":"binary-expr","locations":[{"start":{"line":40,"column":25},"end":{"line":40,"column":40}},{"start":{"line":40,"column":44},"end":{"line":40,"column":55}}],"line":40},"3":{"loc":{"start":{"line":48,"column":12},"end":{"line":61,"column":7}},"type":"cond-expr","locations":[{"start":{"line":50,"column":6},"end":{"line":55,"column":7}},{"start":{"line":57,"column":6},"end":{"line":61,"column":7}}],"line":48},"4":{"loc":{"start":{"line":62,"column":47},"end":{"line":62,"column":83}},"type":"binary-expr","locations":[{"start":{"line":62,"column":47},"end":{"line":62,"column":77}},{"start":{"line":62,"column":81},"end":{"line":62,"column":83}}],"line":62},"5":{"loc":{"start":{"line":105,"column":9},"end":{"line":105,"column":82}},"type":"cond-expr","locations":[{"start":{"line":105,"column":33},"end":{"line":105,"column":58}},{"start":{"line":105,"column":61},"end":{"line":105,"column":82}}],"line":105}},"s":{"0":1,"1":8,"2":8,"3":8,"4":8,"5":0,"6":8,"7":8,"8":2,"9":2,"10":2,"11":2,"12":2,"13":1,"14":1,"15":2,"16":2,"17":2,"18":0,"19":2,"20":8},"f":{"0":8,"1":0,"2":2,"3":1,"4":2,"5":2,"6":2,"7":0,"8":2},"b":{"0":[0],"1":[0],"2":[8,5],"3":[1,1],"4":[2,2],"5":[3,5]},"_coverageSchema":"1a1c01bbd47fc00a2c39e90264f33305004495a9","hash":"742210af96b8219ec43abc3d139803bfc639b1bb"}
,"/Users/danielstahl/Documents/code/apps/minidsp/minidsp-remote-control/client/src/components/Message.tsx": {"path":"/Users/danielstahl/Documents/code/apps/minidsp/minidsp-remote-control/client/src/components/Message.tsx","statementMap":{"0":{"start":{"line":14,"column":2},"end":{"line":23,"column":4}}},"fnMap":{"0":{"name":"Message","decl":{"start":{"line":13,"column":24},"end":{"line":13,"column":31}},"loc":{"start":{"line":13,"column":68},"end":{"line":24,"column":1}},"line":13}},"branchMap":{"0":{"loc":{"start":{"line":20,"column":9},"end":{"line":20,"column":51}},"type":"cond-expr","locations":[{"start":{"line":20,"column":30},"end":{"line":20,"column":40}},{"start":{"line":20,"column":43},"end":{"line":20,"column":51}}],"line":20}},"s":{"0":8},"f":{"0":8},"b":{"0":[8,0]},"_coverageSchema":"1a1c01bbd47fc00a2c39e90264f33305004495a9","hash":"c71c9093756828fcbd0c605339cf437296093069"}
,"/Users/danielstahl/Documents/code/apps/minidsp/minidsp-remote-control/client/src/components/NoUserNotification.tsx": {"path":"/Users/danielstahl/Documents/code/apps/minidsp/minidsp-remote-control/client/src/components/NoUserNotification.tsx","statementMap":{"0":{"start":{"line":16,"column":32},"end":{"line":18,"column":1}},"1":{"start":{"line":17,"column":2},"end":{"line":17,"column":41}},"2":{"start":{"line":20,"column":27},"end":{"line":93,"column":1}},"3":{"start":{"line":21,"column":26},"end":{"line":21,"column":38}},"4":{"start":{"line":25,"column":6},"end":{"line":25,"column":29}},"5":{"start":{"line":26,"column":15},"end":{"line":26,"column":55}},"6":{"start":{"line":28,"column":20},"end":{"line":35,"column":3}},"7":{"start":{"line":29,"column":4},"end":{"line":34,"column":7}},"8":{"start":{"line":30,"column":6},"end":{"line":33,"column":9}},"9":{"start":{"line":36,"column":2},"end":{"line":92,"column":4}},"10":{"start":{"line":82,"column":20},"end":{"line":82,"column":48}}},"fnMap":{"0":{"name":"(anonymous_0)","decl":{"start":{"line":16,"column":32},"end":{"line":16,"column":33}},"loc":{"start":{"line":16,"column":77},"end":{"line":18,"column":1}},"line":16},"1":{"name":"(anonymous_1)","decl":{"start":{"line":20,"column":27},"end":{"line":20,"column":28}},"loc":{"start":{"line":20,"column":69},"end":{"line":93,"column":1}},"line":20},"2":{"name":"(anonymous_2)","decl":{"start":{"line":28,"column":20},"end":{"line":28,"column":21}},"loc":{"start":{"line":28,"column":26},"end":{"line":35,"column":3}},"line":28},"3":{"name":"(anonymous_3)","decl":{"start":{"line":29,"column":58},"end":{"line":29,"column":59}},"loc":{"start":{"line":29,"column":70},"end":{"line":34,"column":5}},"line":29},"4":{"name":"(anonymous_4)","decl":{"start":{"line":81,"column":28},"end":{"line":81,"column":29}},"loc":{"start":{"line":81,"column":76},"end":{"line":83,"column":19}},"line":81}},"branchMap":{"0":{"loc":{"start":{"line":17,"column":9},"end":{"line":17,"column":40}},"type":"binary-expr","locations":[{"start":{"line":17,"column":9},"end":{"line":17,"column":20}},{"start":{"line":17,"column":24},"end":{"line":17,"column":40}}],"line":17}},"s":{"0":2,"1":7,"2":2,"3":4,"4":4,"5":4,"6":4,"7":0,"8":0,"9":4,"10":0},"f":{"0":7,"1":4,"2":0,"3":0,"4":0},"b":{"0":[7,3]},"_coverageSchema":"1a1c01bbd47fc00a2c39e90264f33305004495a9","hash":"7b96b8bfec392793701050648368e01c05f0c416"}
,"/Users/danielstahl/Documents/code/apps/minidsp/minidsp-remote-control/client/src/components/PowerCard.tsx": {"path":"/Users/danielstahl/Documents/code/apps/minidsp/minidsp-remote-control/client/src/components/PowerCard.tsx","statementMap":{"0":{"start":{"line":21,"column":15},"end":{"line":21,"column":23}},"1":{"start":{"line":22,"column":15},"end":{"line":22,"column":23}},"2":{"start":{"line":24,"column":18},"end":{"line":131,"column":1}},"3":{"start":{"line":33,"column":16},"end":{"line":33,"column":26}},"4":{"start":{"line":34,"column":2},"end":{"line":130,"column":4}},"5":{"start":{"line":55,"column":18},"end":{"line":55,"column":63}},"6":{"start":{"line":85,"column":31},"end":{"line":85,"column":71}},"7":{"start":{"line":88,"column":31},"end":{"line":88,"column":52}},"8":{"start":{"line":90,"column":18},"end":{"line":92,"column":29}},"9":{"start":{"line":118,"column":31},"end":{"line":118,"column":71}},"10":{"start":{"line":121,"column":16},"end":{"line":123,"column":27}}},"fnMap":{"0":{"name":"(anonymous_0)","decl":{"start":{"line":24,"column":18},"end":{"line":24,"column":19}},"loc":{"start":{"line":32,"column":19},"end":{"line":131,"column":1}},"line":32},"1":{"name":"(anonymous_1)","decl":{"start":{"line":54,"column":26},"end":{"line":54,"column":27}},"loc":{"start":{"line":55,"column":18},"end":{"line":55,"column":63}},"line":55},"2":{"name":"(anonymous_2)","decl":{"start":{"line":85,"column":24},"end":{"line":85,"column":25}},"loc":{"start":{"line":85,"column":31},"end":{"line":85,"column":71}},"line":85},"3":{"name":"(anonymous_3)","decl":{"start":{"line":88,"column":24},"end":{"line":88,"column":25}},"loc":{"start":{"line":88,"column":31},"end":{"line":88,"column":52}},"line":88},"4":{"name":"(anonymous_4)","decl":{"start":{"line":89,"column":21},"end":{"line":89,"column":22}},"loc":{"start":{"line":90,"column":18},"end":{"line":92,"column":29}},"line":90},"5":{"name":"(anonymous_5)","decl":{"start":{"line":118,"column":24},"end":{"line":118,"column":25}},"loc":{"start":{"line":118,"column":31},"end":{"line":118,"column":71}},"line":118},"6":{"name":"(anonymous_6)","decl":{"start":{"line":120,"column":42},"end":{"line":120,"column":43}},"loc":{"start":{"line":121,"column":16},"end":{"line":123,"column":27}},"line":121}},"branchMap":{"0":{"loc":{"start":{"line":55,"column":32},"end":{"line":55,"column":62}},"type":"cond-expr","locations":[{"start":{"line":55,"column":42},"end":{"line":55,"column":50}},{"start":{"line":55,"column":53},"end":{"line":55,"column":62}}],"line":55}},"s":{"0":1,"1":1,"2":1,"3":1,"4":1,"5":0,"6":0,"7":8,"8":4,"9":0,"10":5},"f":{"0":1,"1":0,"2":0,"3":8,"4":4,"5":0,"6":5},"b":{"0":[0,0]},"_coverageSchema":"1a1c01bbd47fc00a2c39e90264f33305004495a9","hash":"a8e0d75268e6d0ecb469deb7a5fd01f9a9388549"}
,"/Users/danielstahl/Documents/code/apps/minidsp/minidsp-remote-control/client/src/components/SSLNotification.tsx": {"path":"/Users/danielstahl/Documents/code/apps/minidsp/minidsp-remote-control/client/src/components/SSLNotification.tsx","statementMap":{"0":{"start":{"line":9,"column":19},"end":{"line":9,"column":35}},"1":{"start":{"line":11,"column":32},"end":{"line":13,"column":1}},"2":{"start":{"line":12,"column":2},"end":{"line":12,"column":53}},"3":{"start":{"line":15,"column":29},"end":{"line":19,"column":1}},"4":{"start":{"line":16,"column":2},"end":{"line":18,"column":4}},"5":{"start":{"line":21,"column":24},"end":{"line":76,"column":1}},"6":{"start":{"line":28,"column":15},"end":{"line":28,"column":52}},"7":{"start":{"line":29,"column":21},"end":{"line":29,"column":55}},"8":{"start":{"line":30,"column":2},"end":{"line":75,"column":4}}},"fnMap":{"0":{"name":"(anonymous_0)","decl":{"start":{"line":11,"column":32},"end":{"line":11,"column":33}},"loc":{"start":{"line":11,"column":73},"end":{"line":13,"column":1}},"line":11},"1":{"name":"(anonymous_1)","decl":{"start":{"line":15,"column":29},"end":{"line":15,"column":30}},"loc":{"start":{"line":15,"column":70},"end":{"line":19,"column":1}},"line":15},"2":{"name":"(anonymous_2)","decl":{"start":{"line":21,"column":24},"end":{"line":21,"column":25}},"loc":{"start":{"line":27,"column":6},"end":{"line":76,"column":1}},"line":27}},"branchMap":{"0":{"loc":{"start":{"line":62,"column":17},"end":{"line":64,"column":50}},"type":"cond-expr","locations":[{"start":{"line":63,"column":20},"end":{"line":63,"column":71}},{"start":{"line":64,"column":20},"end":{"line":64,"column":50}}],"line":62}},"s":{"0":2,"1":2,"2":5,"3":2,"4":8,"5":2,"6":3,"7":3,"8":3},"f":{"0":5,"1":8,"2":3},"b":{"0":[3,0]},"_coverageSchema":"1a1c01bbd47fc00a2c39e90264f33305004495a9","hash":"f18d8646a4e668b6756464e3dfb74edf790101fc"}
,"/Users/danielstahl/Documents/code/apps/minidsp/minidsp-remote-control/client/src/components/Settings.tsx": {"path":"/Users/danielstahl/Documents/code/apps/minidsp/minidsp-remote-control/client/src/components/Settings.tsx","statementMap":{"0":{"start":{"line":17,"column":24},"end":{"line":24,"column":3}},"1":{"start":{"line":17,"column":55},"end":{"line":24,"column":1}},"2":{"start":{"line":28,"column":17},"end":{"line":79,"column":1}},"3":{"start":{"line":30,"column":15},"end":{"line":30,"column":19}},"4":{"start":{"line":32,"column":2},"end":{"line":78,"column":4}},"5":{"start":{"line":46,"column":26},"end":{"line":51,"column":11}}},"fnMap":{"0":{"name":"(anonymous_0)","decl":{"start":{"line":17,"column":39},"end":{"line":17,"column":40}},"loc":{"start":{"line":17,"column":55},"end":{"line":24,"column":1}},"line":17},"1":{"name":"(anonymous_1)","decl":{"start":{"line":28,"column":17},"end":{"line":28,"column":18}},"loc":{"start":{"line":28,"column":50},"end":{"line":79,"column":1}},"line":28},"2":{"name":"(anonymous_2)","decl":{"start":{"line":46,"column":14},"end":{"line":46,"column":15}},"loc":{"start":{"line":46,"column":26},"end":{"line":51,"column":11}},"line":46}},"branchMap":{},"s":{"0":0,"1":0,"2":0,"3":0,"4":0,"5":0},"f":{"0":0,"1":0,"2":0},"b":{}}
,"/Users/danielstahl/Documents/code/apps/minidsp/minidsp-remote-control/client/src/components/VolumeCard.tsx": {"path":"/Users/danielstahl/Documents/code/apps/minidsp/minidsp-remote-control/client/src/components/VolumeCard.tsx","statementMap":{"0":{"start":{"line":14,"column":25},"end":{"line":14,"column":28}},"1":{"start":{"line":23,"column":34},"end":{"line":68,"column":1}},"2":{"start":{"line":30,"column":38},"end":{"line":30,"column":43}},"3":{"start":{"line":31,"column":2},"end":{"line":67,"column":4}},"4":{"start":{"line":36,"column":28},"end":{"line":36,"column":56}},"5":{"start":{"line":43,"column":28},"end":{"line":43,"column":54}},"6":{"start":{"line":70,"column":28},"end":{"line":71,"column":59}},"7":{"start":{"line":71,"column":2},"end":{"line":71,"column":59}},"8":{"start":{"line":72,"column":19},"end":{"line":128,"column":1}},"9":{"start":{"line":79,"column":2},"end":{"line":127,"column":4}},"10":{"start":{"line":89,"column":35},"end":{"line":89,"column":73}},"11":{"start":{"line":94,"column":30},"end":{"line":94,"column":56}},"12":{"start":{"line":101,"column":27},"end":{"line":101,"column":38}},"13":{"start":{"line":102,"column":12},"end":{"line":102,"column":32}},"14":{"start":{"line":105,"column":35},"end":{"line":105,"column":71}}},"fnMap":{"0":{"name":"(anonymous_0)","decl":{"start":{"line":23,"column":34},"end":{"line":23,"column":35}},"loc":{"start":{"line":29,"column":5},"end":{"line":68,"column":1}},"line":29},"1":{"name":"(anonymous_1)","decl":{"start":{"line":36,"column":17},"end":{"line":36,"column":18}},"loc":{"start":{"line":36,"column":28},"end":{"line":36,"column":56}},"line":36},"2":{"name":"(anonymous_2)","decl":{"start":{"line":43,"column":17},"end":{"line":43,"column":18}},"loc":{"start":{"line":43,"column":28},"end":{"line":43,"column":54}},"line":43},"3":{"name":"(anonymous_3)","decl":{"start":{"line":70,"column":28},"end":{"line":70,"column":29}},"loc":{"start":{"line":71,"column":2},"end":{"line":71,"column":59}},"line":71},"4":{"name":"(anonymous_4)","decl":{"start":{"line":72,"column":19},"end":{"line":72,"column":20}},"loc":{"start":{"line":78,"column":20},"end":{"line":128,"column":1}},"line":78},"5":{"name":"(anonymous_5)","decl":{"start":{"line":89,"column":29},"end":{"line":89,"column":30}},"loc":{"start":{"line":89,"column":35},"end":{"line":89,"column":73}},"line":89},"6":{"name":"(anonymous_6)","decl":{"start":{"line":94,"column":19},"end":{"line":94,"column":20}},"loc":{"start":{"line":94,"column":30},"end":{"line":94,"column":56}},"line":94},"7":{"name":"(anonymous_7)","decl":{"start":{"line":100,"column":20},"end":{"line":100,"column":21}},"loc":{"start":{"line":100,"column":57},"end":{"line":103,"column":11}},"line":100},"8":{"name":"(anonymous_8)","decl":{"start":{"line":105,"column":29},"end":{"line":105,"column":30}},"loc":{"start":{"line":105,"column":35},"end":{"line":105,"column":71}},"line":105}},"branchMap":{},"s":{"0":2,"1":2,"2":1,"3":1,"4":1,"5":1,"6":2,"7":3,"8":2,"9":1,"10":0,"11":1,"12":0,"13":0,"14":0},"f":{"0":1,"1":1,"2":1,"3":3,"4":1,"5":0,"6":1,"7":0,"8":0},"b":{},"_coverageSchema":"1a1c01bbd47fc00a2c39e90264f33305004495a9","hash":"f1bf1967554e56b3a41600198e5b65c5d3e6d5df"}
,"/Users/danielstahl/Documents/code/apps/minidsp/minidsp-remote-control/client/src/services/api.tsx": {"path":"/Users/danielstahl/Documents/code/apps/minidsp/minidsp-remote-control/client/src/services/api.tsx","statementMap":{"0":{"start":{"line":49,"column":30},"end":{"line":54,"column":1}},"1":{"start":{"line":50,"column":2},"end":{"line":53,"column":4}},"2":{"start":{"line":55,"column":34},"end":{"line":59,"column":1}},"3":{"start":{"line":56,"column":2},"end":{"line":58,"column":4}},"4":{"start":{"line":64,"column":20},"end":{"line":66,"column":1}},"5":{"start":{"line":67,"column":71},"end":{"line":71,"column":1}},"6":{"start":{"line":70,"column":2},"end":{"line":70,"column":65}},"7":{"start":{"line":70,"column":55},"end":{"line":70,"column":63}},"8":{"start":{"line":73,"column":25},"end":{"line":75,"column":1}},"9":{"start":{"line":74,"column":2},"end":{"line":74,"column":69}},"10":{"start":{"line":77,"column":24},"end":{"line":79,"column":1}},"11":{"start":{"line":78,"column":2},"end":{"line":78,"column":62}},"12":{"start":{"line":81,"column":26},"end":{"line":83,"column":1}},"13":{"start":{"line":82,"column":2},"end":{"line":82,"column":64}},"14":{"start":{"line":85,"column":25},"end":{"line":87,"column":1}},"15":{"start":{"line":86,"column":2},"end":{"line":86,"column":69}},"16":{"start":{"line":88,"column":24},"end":{"line":90,"column":1}},"17":{"start":{"line":89,"column":2},"end":{"line":89,"column":75}},"18":{"start":{"line":91,"column":25},"end":{"line":93,"column":1}},"19":{"start":{"line":92,"column":2},"end":{"line":92,"column":69}},"20":{"start":{"line":97,"column":29},"end":{"line":112,"column":1}},"21":{"start":{"line":98,"column":2},"end":{"line":111,"column":7}},"22":{"start":{"line":99,"column":17},"end":{"line":99,"column":25}},"23":{"start":{"line":101,"column":44},"end":{"line":101,"column":54}},"24":{"start":{"line":102,"column":6},"end":{"line":110,"column":8}},"25":{"start":{"line":117,"column":29},"end":{"line":127,"column":3}},"26":{"start":{"line":121,"column":20},"end":{"line":121,"column":55}},"27":{"start":{"line":122,"column":4},"end":{"line":126,"column":29}},"28":{"start":{"line":126,"column":19},"end":{"line":126,"column":27}},"29":{"start":{"line":132,"column":23},"end":{"line":139,"column":1}},"30":{"start":{"line":133,"column":18},"end":{"line":133,"column":53}},"31":{"start":{"line":134,"column":2},"end":{"line":138,"column":27}},"32":{"start":{"line":138,"column":17},"end":{"line":138,"column":25}},"33":{"start":{"line":145,"column":23},"end":{"line":156,"column":3}},"34":{"start":{"line":150,"column":20},"end":{"line":150,"column":55}},"35":{"start":{"line":151,"column":4},"end":{"line":155,"column":29}},"36":{"start":{"line":155,"column":19},"end":{"line":155,"column":27}},"37":{"start":{"line":158,"column":28},"end":{"line":160,"column":1}},"38":{"start":{"line":159,"column":2},"end":{"line":159,"column":57}},"39":{"start":{"line":161,"column":25},"end":{"line":163,"column":1}},"40":{"start":{"line":162,"column":2},"end":{"line":162,"column":125}},"41":{"start":{"line":162,"column":62},"end":{"line":162,"column":70}},"42":{"start":{"line":162,"column":94},"end":{"line":162,"column":122}},"43":{"start":{"line":164,"column":24},"end":{"line":209,"column":1}},"44":{"start":{"line":165,"column":2},"end":{"line":208,"column":4}},"45":{"start":{"line":173,"column":8},"end":{"line":194,"column":9}},"46":{"start":{"line":174,"column":25},"end":{"line":174,"column":50}},"47":{"start":{"line":175,"column":10},"end":{"line":191,"column":13}},"48":{"start":{"line":177,"column":14},"end":{"line":177,"column":28}},"49":{"start":{"line":179,"column":16},"end":{"line":188,"column":19}},"50":{"start":{"line":181,"column":18},"end":{"line":184,"column":19}},"51":{"start":{"line":182,"column":20},"end":{"line":182,"column":39}},"52":{"start":{"line":183,"column":20},"end":{"line":183,"column":27}},"53":{"start":{"line":186,"column":18},"end":{"line":186,"column":44}},"54":{"start":{"line":187,"column":18},"end":{"line":187,"column":32}},"55":{"start":{"line":193,"column":10},"end":{"line":193,"column":37}},"56":{"start":{"line":196,"column":24},"end":{"line":196,"column":44}},"57":{"start":{"line":198,"column":26},"end":{"line":198,"column":41}},"58":{"start":{"line":199,"column":22},"end":{"line":199,"column":47}},"59":{"start":{"line":201,"column":25},"end":{"line":201,"column":52}},"60":{"start":{"line":202,"column":8},"end":{"line":202,"column":31}},"61":{"start":{"line":204,"column":8},"end":{"line":204,"column":41}},"62":{"start":{"line":206,"column":8},"end":{"line":206,"column":25}}},"fnMap":{"0":{"name":"(anonymous_0)","decl":{"start":{"line":49,"column":30},"end":{"line":49,"column":31}},"loc":{"start":{"line":49,"column":63},"end":{"line":54,"column":1}},"line":49},"1":{"name":"(anonymous_1)","decl":{"start":{"line":55,"column":34},"end":{"line":55,"column":35}},"loc":{"start":{"line":55,"column":52},"end":{"line":59,"column":1}},"line":55},"2":{"name":"(anonymous_2)","decl":{"start":{"line":67,"column":71},"end":{"line":67,"column":72}},"loc":{"start":{"line":69,"column":5},"end":{"line":71,"column":1}},"line":69},"3":{"name":"(anonymous_3)","decl":{"start":{"line":70,"column":48},"end":{"line":70,"column":49}},"loc":{"start":{"line":70,"column":55},"end":{"line":70,"column":63}},"line":70},"4":{"name":"(anonymous_4)","decl":{"start":{"line":73,"column":25},"end":{"line":73,"column":26}},"loc":{"start":{"line":73,"column":68},"end":{"line":75,"column":1}},"line":73},"5":{"name":"(anonymous_5)","decl":{"start":{"line":77,"column":24},"end":{"line":77,"column":25}},"loc":{"start":{"line":77,"column":51},"end":{"line":79,"column":1}},"line":77},"6":{"name":"(anonymous_6)","decl":{"start":{"line":81,"column":26},"end":{"line":81,"column":27}},"loc":{"start":{"line":81,"column":53},"end":{"line":83,"column":1}},"line":81},"7":{"name":"(anonymous_7)","decl":{"start":{"line":85,"column":25},"end":{"line":85,"column":26}},"loc":{"start":{"line":85,"column":68},"end":{"line":87,"column":1}},"line":85},"8":{"name":"(anonymous_8)","decl":{"start":{"line":88,"column":24},"end":{"line":88,"column":25}},"loc":{"start":{"line":88,"column":73},"end":{"line":90,"column":1}},"line":88},"9":{"name":"(anonymous_9)","decl":{"start":{"line":91,"column":25},"end":{"line":91,"column":26}},"loc":{"start":{"line":91,"column":68},"end":{"line":93,"column":1}},"line":91},"10":{"name":"(anonymous_10)","decl":{"start":{"line":97,"column":29},"end":{"line":97,"column":30}},"loc":{"start":{"line":97,"column":56},"end":{"line":112,"column":1}},"line":97},"11":{"name":"(anonymous_11)","decl":{"start":{"line":99,"column":10},"end":{"line":99,"column":11}},"loc":{"start":{"line":99,"column":17},"end":{"line":99,"column":25}},"line":99},"12":{"name":"(anonymous_12)","decl":{"start":{"line":100,"column":10},"end":{"line":100,"column":11}},"loc":{"start":{"line":100,"column":26},"end":{"line":111,"column":5}},"line":100},"13":{"name":"(anonymous_13)","decl":{"start":{"line":117,"column":29},"end":{"line":117,"column":30}},"loc":{"start":{"line":120,"column":5},"end":{"line":127,"column":3}},"line":120},"14":{"name":"(anonymous_14)","decl":{"start":{"line":126,"column":12},"end":{"line":126,"column":13}},"loc":{"start":{"line":126,"column":19},"end":{"line":126,"column":27}},"line":126},"15":{"name":"(anonymous_15)","decl":{"start":{"line":132,"column":23},"end":{"line":132,"column":24}},"loc":{"start":{"line":132,"column":74},"end":{"line":139,"column":1}},"line":132},"16":{"name":"(anonymous_16)","decl":{"start":{"line":138,"column":10},"end":{"line":138,"column":11}},"loc":{"start":{"line":138,"column":17},"end":{"line":138,"column":25}},"line":138},"17":{"name":"(anonymous_17)","decl":{"start":{"line":145,"column":23},"end":{"line":145,"column":24}},"loc":{"start":{"line":149,"column":5},"end":{"line":156,"column":3}},"line":149},"18":{"name":"(anonymous_18)","decl":{"start":{"line":155,"column":12},"end":{"line":155,"column":13}},"loc":{"start":{"line":155,"column":19},"end":{"line":155,"column":27}},"line":155},"19":{"name":"(anonymous_19)","decl":{"start":{"line":158,"column":28},"end":{"line":158,"column":29}},"loc":{"start":{"line":158,"column":55},"end":{"line":160,"column":1}},"line":158},"20":{"name":"(anonymous_20)","decl":{"start":{"line":161,"column":25},"end":{"line":161,"column":26}},"loc":{"start":{"line":161,"column":52},"end":{"line":163,"column":1}},"line":161},"21":{"name":"(anonymous_21)","decl":{"start":{"line":162,"column":57},"end":{"line":162,"column":58}},"loc":{"start":{"line":162,"column":62},"end":{"line":162,"column":70}},"line":162},"22":{"name":"(anonymous_22)","decl":{"start":{"line":162,"column":77},"end":{"line":162,"column":78}},"loc":{"start":{"line":162,"column":94},"end":{"line":162,"column":122}},"line":162},"23":{"name":"(anonymous_23)","decl":{"start":{"line":164,"column":24},"end":{"line":164,"column":25}},"loc":{"start":{"line":164,"column":51},"end":{"line":209,"column":1}},"line":164},"24":{"name":"(anonymous_24)","decl":{"start":{"line":172,"column":12},"end":{"line":172,"column":13}},"loc":{"start":{"line":172,"column":26},"end":{"line":195,"column":7}},"line":172},"25":{"name":"(anonymous_25)","decl":{"start":{"line":176,"column":12},"end":{"line":176,"column":13}},"loc":{"start":{"line":176,"column":30},"end":{"line":190,"column":13}},"line":176},"26":{"name":"pump","decl":{"start":{"line":178,"column":23},"end":{"line":178,"column":27}},"loc":{"start":{"line":178,"column":45},"end":{"line":189,"column":15}},"line":178},"27":{"name":"(anonymous_27)","decl":{"start":{"line":179,"column":42},"end":{"line":179,"column":43}},"loc":{"start":{"line":179,"column":63},"end":{"line":188,"column":17}},"line":179},"28":{"name":"(anonymous_28)","decl":{"start":{"line":196,"column":12},"end":{"line":196,"column":13}},"loc":{"start":{"line":196,"column":24},"end":{"line":196,"column":44}},"line":196},"29":{"name":"(anonymous_29)","decl":{"start":{"line":198,"column":12},"end":{"line":198,"column":13}},"loc":{"start":{"line":198,"column":26},"end":{"line":198,"column":41}},"line":198},"30":{"name":"(anonymous_30)","decl":{"start":{"line":199,"column":12},"end":{"line":199,"column":13}},"loc":{"start":{"line":199,"column":22},"end":{"line":199,"column":47}},"line":199},"31":{"name":"(anonymous_31)","decl":{"start":{"line":200,"column":12},"end":{"line":200,"column":13}},"loc":{"start":{"line":200,"column":24},"end":{"line":207,"column":7}},"line":200}},"branchMap":{"0":{"loc":{"start":{"line":173,"column":8},"end":{"line":194,"column":9}},"type":"if","locations":[{"start":{"line":173,"column":8},"end":{"line":194,"column":9}},{"start":{"line":192,"column":15},"end":{"line":194,"column":9}}],"line":173},"1":{"loc":{"start":{"line":181,"column":18},"end":{"line":184,"column":19}},"type":"if","locations":[{"start":{"line":181,"column":18},"end":{"line":184,"column":19}},{"start":{},"end":{}}],"line":181}},"s":{"0":5,"1":4,"2":5,"3":0,"4":5,"5":5,"6":1,"7":0,"8":5,"9":0,"10":5,"11":0,"12":5,"13":0,"14":5,"15":0,"16":5,"17":0,"18":5,"19":0,"20":5,"21":0,"22":0,"23":0,"24":0,"25":5,"26":0,"27":0,"28":0,"29":5,"30":0,"31":0,"32":0,"33":5,"34":0,"35":0,"36":0,"37":5,"38":0,"39":5,"40":1,"41":0,"42":0,"43":5,"44":0,"45":0,"46":0,"47":0,"48":0,"49":0,"50":0,"51":0,"52":0,"53":0,"54":0,"55":0,"56":0,"57":0,"58":0,"59":0,"60":0,"61":0,"62":0},"f":{"0":4,"1":0,"2":1,"3":0,"4":0,"5":0,"6":0,"7":0,"8":0,"9":0,"10":0,"11":0,"12":0,"13":0,"14":0,"15":0,"16":0,"17":0,"18":0,"19":0,"20":1,"21":0,"22":0,"23":0,"24":0,"25":0,"26":0,"27":0,"28":0,"29":0,"30":0,"31":0},"b":{"0":[0,0],"1":[0,0]},"_coverageSchema":"1a1c01bbd47fc00a2c39e90264f33305004495a9","hash":"a895735b1f445a55209b7537037a3bc08c8554e8"}
,"/Users/danielstahl/Documents/code/apps/minidsp/minidsp-remote-control/client/src/services/keyCreation.tsx": {"path":"/Users/danielstahl/Documents/code/apps/minidsp/minidsp-remote-control/client/src/services/keyCreation.tsx","statementMap":{"0":{"start":{"line":1,"column":31},"end":{"line":16,"column":1}},"1":{"start":{"line":2,"column":36},"end":{"line":11,"column":3}},"2":{"start":{"line":12,"column":2},"end":{"line":15,"column":68}},"3":{"start":{"line":15,"column":40},"end":{"line":15,"column":65}},"4":{"start":{"line":20,"column":28},"end":{"line":24,"column":4}},"5":{"start":{"line":21,"column":19},"end":{"line":21,"column":35}},"6":{"start":{"line":22,"column":4},"end":{"line":22,"column":53}},"7":{"start":{"line":22,"column":26},"end":{"line":22,"column":52}},"8":{"start":{"line":23,"column":4},"end":{"line":23,"column":45}},"9":{"start":{"line":26,"column":2},"end":{"line":26,"column":112}},"10":{"start":{"line":31,"column":28},"end":{"line":35,"column":4}},"11":{"start":{"line":32,"column":19},"end":{"line":32,"column":35}},"12":{"start":{"line":33,"column":4},"end":{"line":33,"column":53}},"13":{"start":{"line":33,"column":26},"end":{"line":33,"column":52}},"14":{"start":{"line":34,"column":4},"end":{"line":34,"column":45}},"15":{"start":{"line":37,"column":2},"end":{"line":37,"column":53}},"16":{"start":{"line":41,"column":19},"end":{"line":43,"column":3}},"17":{"start":{"line":44,"column":2},"end":{"line":44,"column":38}},"18":{"start":{"line":51,"column":14},"end":{"line":51,"column":43}},"19":{"start":{"line":52,"column":21},"end":{"line":52,"column":55}},"20":{"start":{"line":53,"column":17},"end":{"line":56,"column":3}},"21":{"start":{"line":58,"column":17},"end":{"line":61,"column":3}},"22":{"start":{"line":64,"column":20},"end":{"line":71,"column":3}},"23":{"start":{"line":74,"column":41},"end":{"line":79,"column":7}},"24":{"start":{"line":81,"column":21},"end":{"line":81,"column":56}},"25":{"start":{"line":83,"column":27},"end":{"line":83,"column":59}},"26":{"start":{"line":84,"column":27},"end":{"line":93,"column":3}},"27":{"start":{"line":96,"column":20},"end":{"line":103,"column":3}},"28":{"start":{"line":105,"column":27},"end":{"line":105,"column":58}},"29":{"start":{"line":108,"column":2},"end":{"line":108,"column":45}},"30":{"start":{"line":111,"column":40},"end":{"line":114,"column":1}},"31":{"start":{"line":112,"column":19},"end":{"line":112,"column":52}},"32":{"start":{"line":113,"column":2},"end":{"line":113,"column":93}}},"fnMap":{"0":{"name":"(anonymous_0)","decl":{"start":{"line":1,"column":31},"end":{"line":1,"column":32}},"loc":{"start":{"line":1,"column":43},"end":{"line":16,"column":1}},"line":1},"1":{"name":"(anonymous_1)","decl":{"start":{"line":15,"column":10},"end":{"line":15,"column":11}},"loc":{"start":{"line":15,"column":40},"end":{"line":15,"column":65}},"line":15},"2":{"name":"bufferToBase64","decl":{"start":{"line":18,"column":22},"end":{"line":18,"column":36}},"loc":{"start":{"line":18,"column":71},"end":{"line":27,"column":1}},"line":18},"3":{"name":"(anonymous_3)","decl":{"start":{"line":20,"column":46},"end":{"line":20,"column":47}},"loc":{"start":{"line":20,"column":53},"end":{"line":24,"column":3}},"line":20},"4":{"name":"(anonymous_4)","decl":{"start":{"line":22,"column":20},"end":{"line":22,"column":21}},"loc":{"start":{"line":22,"column":26},"end":{"line":22,"column":52}},"line":22},"5":{"name":"bufferToBase64Raw","decl":{"start":{"line":29,"column":22},"end":{"line":29,"column":39}},"loc":{"start":{"line":29,"column":74},"end":{"line":38,"column":1}},"line":29},"6":{"name":"(anonymous_6)","decl":{"start":{"line":31,"column":46},"end":{"line":31,"column":47}},"loc":{"start":{"line":31,"column":53},"end":{"line":35,"column":3}},"line":31},"7":{"name":"(anonymous_7)","decl":{"start":{"line":33,"column":20},"end":{"line":33,"column":21}},"loc":{"start":{"line":33,"column":26},"end":{"line":33,"column":52}},"line":33},"8":{"name":"base64ToBuffer","decl":{"start":{"line":40,"column":22},"end":{"line":40,"column":36}},"loc":{"start":{"line":40,"column":60},"end":{"line":45,"column":1}},"line":40},"9":{"name":"generateJwt","decl":{"start":{"line":50,"column":22},"end":{"line":50,"column":33}},"loc":{"start":{"line":50,"column":140},"end":{"line":109,"column":1}},"line":50},"10":{"name":"(anonymous_10)","decl":{"start":{"line":111,"column":40},"end":{"line":111,"column":41}},"loc":{"start":{"line":111,"column":63},"end":{"line":114,"column":1}},"line":111}},"branchMap":{"0":{"loc":{"start":{"line":50,"column":104},"end":{"line":50,"column":138}},"type":"default-arg","locations":[{"start":{"line":50,"column":136},"end":{"line":50,"column":138}}],"line":50},"1":{"loc":{"start":{"line":70,"column":11},"end":{"line":70,"column":29}},"type":"binary-expr","locations":[{"start":{"line":70,"column":11},"end":{"line":70,"column":23}},{"start":{"line":70,"column":27},"end":{"line":70,"column":29}}],"line":70},"2":{"loc":{"start":{"line":112,"column":19},"end":{"line":112,"column":52}},"type":"binary-expr","locations":[{"start":{"line":112,"column":19},"end":{"line":112,"column":46}},{"start":{"line":112,"column":50},"end":{"line":112,"column":52}}],"line":112}},"s":{"0":4,"1":2,"2":2,"3":2,"4":6,"5":6,"6":6,"7":6,"8":6,"9":6,"10":5,"11":5,"12":5,"13":5,"14":5,"15":5,"16":3,"17":3,"18":2,"19":2,"20":2,"21":2,"22":2,"23":2,"24":2,"25":2,"26":2,"27":2,"28":2,"29":2,"30":4,"31":3,"32":3},"f":{"0":2,"1":2,"2":6,"3":6,"4":6,"5":5,"6":5,"7":5,"8":3,"9":2,"10":3},"b":{"0":[2],"1":[2,0],"2":[3,0]},"_coverageSchema":"1a1c01bbd47fc00a2c39e90264f33305004495a9","hash":"64b427401e446e09a25a0a91adc5646a6e51c2b2"}
,"/Users/danielstahl/Documents/code/apps/minidsp/minidsp-remote-control/client/src/state/credActions.tsx": {"path":"/Users/danielstahl/Documents/code/apps/minidsp/minidsp-remote-control/client/src/state/credActions.tsx","statementMap":{"0":{"start":{"line":17,"column":35},"end":{"line":20,"column":1}},"1":{"start":{"line":22,"column":35},"end":{"line":29,"column":1}},"2":{"start":{"line":23,"column":2},"end":{"line":28,"column":3}},"3":{"start":{"line":25,"column":6},"end":{"line":25,"column":26}},"4":{"start":{"line":27,"column":6},"end":{"line":27,"column":19}},"5":{"start":{"line":31,"column":28},"end":{"line":34,"column":2}},"6":{"start":{"line":36,"column":36},"end":{"line":44,"column":1}},"7":{"start":{"line":37,"column":28},"end":{"line":37,"column":73}},"8":{"start":{"line":39,"column":2},"end":{"line":43,"column":4}},"9":{"start":{"line":46,"column":37},"end":{"line":48,"column":1}},"10":{"start":{"line":47,"column":2},"end":{"line":47,"column":41}}},"fnMap":{"0":{"name":"(anonymous_0)","decl":{"start":{"line":22,"column":35},"end":{"line":22,"column":36}},"loc":{"start":{"line":22,"column":76},"end":{"line":29,"column":1}},"line":22},"1":{"name":"(anonymous_1)","decl":{"start":{"line":33,"column":12},"end":{"line":33,"column":13}},"loc":{"start":{"line":33,"column":27},"end":{"line":33,"column":30}},"line":33},"2":{"name":"(anonymous_2)","decl":{"start":{"line":36,"column":36},"end":{"line":36,"column":37}},"loc":{"start":{"line":36,"column":73},"end":{"line":44,"column":1}},"line":36},"3":{"name":"(anonymous_3)","decl":{"start":{"line":46,"column":37},"end":{"line":46,"column":38}},"loc":{"start":{"line":46,"column":43},"end":{"line":48,"column":1}},"line":46}},"branchMap":{"0":{"loc":{"start":{"line":23,"column":2},"end":{"line":28,"column":3}},"type":"switch","locations":[{"start":{"line":24,"column":4},"end":{"line":25,"column":26}},{"start":{"line":26,"column":4},"end":{"line":27,"column":19}}],"line":23}},"s":{"0":3,"1":3,"2":3,"3":2,"4":1,"5":3,"6":3,"7":4,"8":4,"9":3,"10":8},"f":{"0":3,"1":1,"2":4,"3":8},"b":{"0":[2,1]},"_coverageSchema":"1a1c01bbd47fc00a2c39e90264f33305004495a9","hash":"88f5b5c45f3a33f50591a7113b1d67b83d2d6fe5"}
,"/Users/danielstahl/Documents/code/apps/minidsp/minidsp-remote-control/client/src/state/expiryActions.tsx": {"path":"/Users/danielstahl/Documents/code/apps/minidsp/minidsp-remote-control/client/src/state/expiryActions.tsx","statementMap":{"0":{"start":{"line":18,"column":31},"end":{"line":23,"column":1}},"1":{"start":{"line":19,"column":15},"end":{"line":19,"column":25}},"2":{"start":{"line":21,"column":4},"end":{"line":21,"column":38}},"3":{"start":{"line":22,"column":4},"end":{"line":22,"column":15}},"4":{"start":{"line":24,"column":49},"end":{"line":26,"column":1}},"5":{"start":{"line":28,"column":29},"end":{"line":35,"column":1}},"6":{"start":{"line":29,"column":4},"end":{"line":34,"column":5}},"7":{"start":{"line":31,"column":12},"end":{"line":31,"column":32}},"8":{"start":{"line":33,"column":12},"end":{"line":33,"column":25}},"9":{"start":{"line":37,"column":22},"end":{"line":40,"column":2}},"10":{"start":{"line":42,"column":30},"end":{"line":49,"column":1}},"11":{"start":{"line":43,"column":30},"end":{"line":43,"column":75}},"12":{"start":{"line":44,"column":4},"end":{"line":48,"column":6}},"13":{"start":{"line":51,"column":31},"end":{"line":53,"column":1}},"14":{"start":{"line":52,"column":4},"end":{"line":52,"column":37}}},"fnMap":{"0":{"name":"(anonymous_0)","decl":{"start":{"line":18,"column":31},"end":{"line":18,"column":32}},"loc":{"start":{"line":18,"column":37},"end":{"line":23,"column":1}},"line":18},"1":{"name":"(anonymous_1)","decl":{"start":{"line":28,"column":29},"end":{"line":28,"column":30}},"loc":{"start":{"line":28,"column":71},"end":{"line":35,"column":1}},"line":28},"2":{"name":"(anonymous_2)","decl":{"start":{"line":39,"column":14},"end":{"line":39,"column":15}},"loc":{"start":{"line":39,"column":29},"end":{"line":39,"column":32}},"line":39},"3":{"name":"(anonymous_3)","decl":{"start":{"line":42,"column":30},"end":{"line":42,"column":31}},"loc":{"start":{"line":42,"column":67},"end":{"line":49,"column":1}},"line":42},"4":{"name":"(anonymous_4)","decl":{"start":{"line":51,"column":31},"end":{"line":51,"column":32}},"loc":{"start":{"line":51,"column":37},"end":{"line":53,"column":1}},"line":51}},"branchMap":{"0":{"loc":{"start":{"line":29,"column":4},"end":{"line":34,"column":5}},"type":"switch","locations":[{"start":{"line":30,"column":8},"end":{"line":31,"column":32}},{"start":{"line":32,"column":8},"end":{"line":33,"column":25}}],"line":29}},"s":{"0":2,"1":3,"2":3,"3":3,"4":2,"5":2,"6":2,"7":1,"8":1,"9":2,"10":2,"11":1,"12":1,"13":2,"14":2},"f":{"0":3,"1":2,"2":0,"3":1,"4":2},"b":{"0":[1,1]},"_coverageSchema":"1a1c01bbd47fc00a2c39e90264f33305004495a9","hash":"870d08ee1428c967c4ef007a48227408f7f9baaa"}
,"/Users/danielstahl/Documents/code/apps/minidsp/minidsp-remote-control/client/src/state/minidspActions.tsx": {"path":"/Users/danielstahl/Documents/code/apps/minidsp/minidsp-remote-control/client/src/state/minidspActions.tsx","statementMap":{"0":{"start":{"line":16,"column":26},"end":{"line":16,"column":30}},"1":{"start":{"line":17,"column":26},"end":{"line":17,"column":27}},"2":{"start":{"line":18,"column":21},"end":{"line":23,"column":1}},"3":{"start":{"line":25,"column":30},"end":{"line":32,"column":1}},"4":{"start":{"line":26,"column":2},"end":{"line":31,"column":3}},"5":{"start":{"line":28,"column":6},"end":{"line":28,"column":26}},"6":{"start":{"line":30,"column":6},"end":{"line":30,"column":19}},"7":{"start":{"line":34,"column":23},"end":{"line":37,"column":2}},"8":{"start":{"line":39,"column":31},"end":{"line":47,"column":1}},"9":{"start":{"line":40,"column":28},"end":{"line":40,"column":68}},"10":{"start":{"line":42,"column":2},"end":{"line":46,"column":4}},"11":{"start":{"line":49,"column":32},"end":{"line":51,"column":1}},"12":{"start":{"line":50,"column":2},"end":{"line":50,"column":36}}},"fnMap":{"0":{"name":"(anonymous_0)","decl":{"start":{"line":25,"column":30},"end":{"line":25,"column":31}},"loc":{"start":{"line":25,"column":67},"end":{"line":32,"column":1}},"line":25},"1":{"name":"(anonymous_1)","decl":{"start":{"line":36,"column":12},"end":{"line":36,"column":13}},"loc":{"start":{"line":36,"column":27},"end":{"line":36,"column":29}},"line":36},"2":{"name":"(anonymous_2)","decl":{"start":{"line":39,"column":31},"end":{"line":39,"column":32}},"loc":{"start":{"line":39,"column":68},"end":{"line":47,"column":1}},"line":39},"3":{"name":"(anonymous_3)","decl":{"start":{"line":49,"column":32},"end":{"line":49,"column":33}},"loc":{"start":{"line":49,"column":38},"end":{"line":51,"column":1}},"line":49}},"branchMap":{"0":{"loc":{"start":{"line":26,"column":2},"end":{"line":31,"column":3}},"type":"switch","locations":[{"start":{"line":27,"column":4},"end":{"line":28,"column":26}},{"start":{"line":29,"column":4},"end":{"line":30,"column":19}}],"line":26}},"s":{"0":3,"1":3,"2":3,"3":3,"4":2,"5":1,"6":1,"7":3,"8":3,"9":1,"10":1,"11":3,"12":2},"f":{"0":2,"1":0,"2":1,"3":2},"b":{"0":[1,1]},"_coverageSchema":"1a1c01bbd47fc00a2c39e90264f33305004495a9","hash":"36c469ea5db37934e617ef1ae56078cf70b4d8bd"}
,"/Users/danielstahl/Documents/code/apps/minidsp/minidsp-remote-control/client/src/state/persistance.tsx": {"path":"/Users/danielstahl/Documents/code/apps/minidsp/minidsp-remote-control/client/src/state/persistance.tsx","statementMap":{"0":{"start":{"line":3,"column":12},"end":{"line":3,"column":18}},"1":{"start":{"line":4,"column":16},"end":{"line":4,"column":25}},"2":{"start":{"line":5,"column":20},"end":{"line":5,"column":30}},"3":{"start":{"line":6,"column":30},"end":{"line":7,"column":33}},"4":{"start":{"line":7,"column":2},"end":{"line":7,"column":33}},"5":{"start":{"line":8,"column":29},"end":{"line":9,"column":64}},"6":{"start":{"line":9,"column":2},"end":{"line":9,"column":64}},"7":{"start":{"line":11,"column":30},"end":{"line":12,"column":43}},"8":{"start":{"line":12,"column":2},"end":{"line":12,"column":43}},"9":{"start":{"line":14,"column":29},"end":{"line":14,"column":80}},"10":{"start":{"line":14,"column":35},"end":{"line":14,"column":80}},"11":{"start":{"line":16,"column":26},"end":{"line":17,"column":43}},"12":{"start":{"line":17,"column":2},"end":{"line":17,"column":43}},"13":{"start":{"line":19,"column":25},"end":{"line":19,"column":82}},"14":{"start":{"line":19,"column":31},"end":{"line":19,"column":82}}},"fnMap":{"0":{"name":"(anonymous_0)","decl":{"start":{"line":6,"column":30},"end":{"line":6,"column":31}},"loc":{"start":{"line":7,"column":2},"end":{"line":7,"column":33}},"line":7},"1":{"name":"(anonymous_1)","decl":{"start":{"line":8,"column":29},"end":{"line":8,"column":30}},"loc":{"start":{"line":9,"column":2},"end":{"line":9,"column":64}},"line":9},"2":{"name":"(anonymous_2)","decl":{"start":{"line":11,"column":30},"end":{"line":11,"column":31}},"loc":{"start":{"line":12,"column":2},"end":{"line":12,"column":43}},"line":12},"3":{"name":"(anonymous_3)","decl":{"start":{"line":14,"column":29},"end":{"line":14,"column":30}},"loc":{"start":{"line":14,"column":35},"end":{"line":14,"column":80}},"line":14},"4":{"name":"(anonymous_4)","decl":{"start":{"line":16,"column":26},"end":{"line":16,"column":27}},"loc":{"start":{"line":17,"column":2},"end":{"line":17,"column":43}},"line":17},"5":{"name":"(anonymous_5)","decl":{"start":{"line":19,"column":25},"end":{"line":19,"column":26}},"loc":{"start":{"line":19,"column":31},"end":{"line":19,"column":82}},"line":19}},"branchMap":{"0":{"loc":{"start":{"line":9,"column":2},"end":{"line":9,"column":64}},"type":"binary-expr","locations":[{"start":{"line":9,"column":2},"end":{"line":9,"column":41}},{"start":{"line":9,"column":45},"end":{"line":9,"column":64}}],"line":9},"1":{"loc":{"start":{"line":14,"column":35},"end":{"line":14,"column":80}},"type":"binary-expr","locations":[{"start":{"line":14,"column":35},"end":{"line":14,"column":64}},{"start":{"line":14,"column":68},"end":{"line":14,"column":80}}],"line":14},"2":{"loc":{"start":{"line":19,"column":31},"end":{"line":19,"column":82}},"type":"binary-expr","locations":[{"start":{"line":19,"column":31},"end":{"line":19,"column":64}},{"start":{"line":19,"column":68},"end":{"line":19,"column":82}}],"line":19}},"s":{"0":4,"1":4,"2":4,"3":4,"4":0,"5":4,"6":1,"7":4,"8":3,"9":4,"10":8,"11":4,"12":2,"13":4,"14":12},"f":{"0":0,"1":1,"2":3,"3":8,"4":2,"5":12},"b":{"0":[1,1],"1":[8,5],"2":[12,9]},"_coverageSchema":"1a1c01bbd47fc00a2c39e90264f33305004495a9","hash":"3f2481f73ddf4be7c7c21d3f50fe077c1c0fee44"}
,"/Users/danielstahl/Documents/code/apps/minidsp/minidsp-remote-control/client/src/state/themeActions.tsx": {"path":"/Users/danielstahl/Documents/code/apps/minidsp/minidsp-remote-control/client/src/state/themeActions.tsx","statementMap":{"0":{"start":{"line":18,"column":28},"end":{"line":25,"column":1}},"1":{"start":{"line":19,"column":4},"end":{"line":24,"column":5}},"2":{"start":{"line":21,"column":12},"end":{"line":21,"column":32}},"3":{"start":{"line":23,"column":12},"end":{"line":23,"column":25}},"4":{"start":{"line":27,"column":21},"end":{"line":30,"column":2}},"5":{"start":{"line":32,"column":29},"end":{"line":39,"column":1}},"6":{"start":{"line":33,"column":30},"end":{"line":33,"column":71}},"7":{"start":{"line":34,"column":4},"end":{"line":38,"column":6}},"8":{"start":{"line":41,"column":30},"end":{"line":43,"column":1}},"9":{"start":{"line":42,"column":4},"end":{"line":42,"column":36}}},"fnMap":{"0":{"name":"(anonymous_0)","decl":{"start":{"line":18,"column":28},"end":{"line":18,"column":29}},"loc":{"start":{"line":18,"column":67},"end":{"line":25,"column":1}},"line":18},"1":{"name":"(anonymous_1)","decl":{"start":{"line":29,"column":14},"end":{"line":29,"column":15}},"loc":{"start":{"line":29,"column":29},"end":{"line":29,"column":32}},"line":29},"2":{"name":"(anonymous_2)","decl":{"start":{"line":32,"column":29},"end":{"line":32,"column":30}},"loc":{"start":{"line":32,"column":66},"end":{"line":39,"column":1}},"line":32},"3":{"name":"(anonymous_3)","decl":{"start":{"line":41,"column":30},"end":{"line":41,"column":31}},"loc":{"start":{"line":41,"column":36},"end":{"line":43,"column":1}},"line":41}},"branchMap":{"0":{"loc":{"start":{"line":19,"column":4},"end":{"line":24,"column":5}},"type":"switch","locations":[{"start":{"line":20,"column":8},"end":{"line":21,"column":32}},{"start":{"line":22,"column":8},"end":{"line":23,"column":25}}],"line":19}},"s":{"0":1,"1":0,"2":0,"3":0,"4":1,"5":1,"6":0,"7":0,"8":1,"9":1},"f":{"0":0,"1":0,"2":0,"3":1},"b":{"0":[0,0]},"_coverageSchema":"1a1c01bbd47fc00a2c39e90264f33305004495a9","hash":"3a14ebfa1ae4cfa0db47b22b96efa77d2a46ce5e"}
,"/Users/danielstahl/Documents/code/apps/minidsp/minidsp-remote-control/client/src/state/userActions.tsx": {"path":"/Users/danielstahl/Documents/code/apps/minidsp/minidsp-remote-control/client/src/state/userActions.tsx","statementMap":{"0":{"start":{"line":19,"column":33},"end":{"line":22,"column":2}},"1":{"start":{"line":19,"column":40},"end":{"line":22,"column":1}},"2":{"start":{"line":24,"column":27},"end":{"line":31,"column":1}},"3":{"start":{"line":25,"column":2},"end":{"line":30,"column":3}},"4":{"start":{"line":27,"column":6},"end":{"line":27,"column":26}},"5":{"start":{"line":29,"column":6},"end":{"line":29,"column":19}},"6":{"start":{"line":32,"column":20},"end":{"line":35,"column":2}},"7":{"start":{"line":37,"column":28},"end":{"line":44,"column":1}},"8":{"start":{"line":38,"column":28},"end":{"line":38,"column":72}},"9":{"start":{"line":39,"column":2},"end":{"line":43,"column":4}},"10":{"start":{"line":46,"column":29},"end":{"line":48,"column":1}},"11":{"start":{"line":47,"column":2},"end":{"line":47,"column":33}}},"fnMap":{"0":{"name":"(anonymous_0)","decl":{"start":{"line":19,"column":33},"end":{"line":19,"column":34}},"loc":{"start":{"line":19,"column":40},"end":{"line":22,"column":1}},"line":19},"1":{"name":"(anonymous_1)","decl":{"start":{"line":24,"column":27},"end":{"line":24,"column":28}},"loc":{"start":{"line":24,"column":60},"end":{"line":31,"column":1}},"line":24},"2":{"name":"(anonymous_2)","decl":{"start":{"line":34,"column":12},"end":{"line":34,"column":13}},"loc":{"start":{"line":34,"column":27},"end":{"line":34,"column":30}},"line":34},"3":{"name":"(anonymous_3)","decl":{"start":{"line":37,"column":28},"end":{"line":37,"column":29}},"loc":{"start":{"line":37,"column":65},"end":{"line":44,"column":1}},"line":37},"4":{"name":"(anonymous_4)","decl":{"start":{"line":46,"column":29},"end":{"line":46,"column":30}},"loc":{"start":{"line":46,"column":35},"end":{"line":48,"column":1}},"line":46}},"branchMap":{"0":{"loc":{"start":{"line":25,"column":2},"end":{"line":30,"column":3}},"type":"switch","locations":[{"start":{"line":26,"column":4},"end":{"line":27,"column":26}},{"start":{"line":28,"column":4},"end":{"line":29,"column":19}}],"line":25}},"s":{"0":4,"1":12,"2":4,"3":4,"4":3,"5":1,"6":4,"7":4,"8":7,"9":7,"10":4,"11":16},"f":{"0":12,"1":4,"2":1,"3":7,"4":16},"b":{"0":[3,1]},"_coverageSchema":"1a1c01bbd47fc00a2c39e90264f33305004495a9","hash":"b6685e62da05acc8964ae64f88224ddbb8bef022"}
,"/Users/danielstahl/Documents/code/apps/minidsp/minidsp-remote-control/client/src/styles/modes.tsx": {"path":"/Users/danielstahl/Documents/code/apps/minidsp/minidsp-remote-control/client/src/styles/modes.tsx","statementMap":{"0":{"start":{"line":3,"column":47},"end":{"line":3,"column":54}},"1":{"start":{"line":5,"column":20},"end":{"line":9,"column":2}},"2":{"start":{"line":10,"column":0},"end":{"line":19,"column":3}},"3":{"start":{"line":21,"column":17},"end":{"line":25,"column":2}},"4":{"start":{"line":26,"column":0},"end":{"line":32,"column":3}},"5":{"start":{"line":34,"column":16},"end":{"line":38,"column":2}},"6":{"start":{"line":39,"column":0},"end":{"line":45,"column":3}},"7":{"start":{"line":47,"column":22},"end":{"line":51,"column":1}},"8":{"start":{"line":53,"column":37},"end":{"line":62,"column":1}},"9":{"start":{"line":54,"column":2},"end":{"line":61,"column":3}},"10":{"start":{"line":56,"column":6},"end":{"line":56,"column":23}},"11":{"start":{"line":58,"column":6},"end":{"line":58,"column":23}},"12":{"start":{"line":60,"column":6},"end":{"line":60,"column":21}}},"fnMap":{"0":{"name":"(anonymous_0)","decl":{"start":{"line":53,"column":37},"end":{"line":53,"column":38}},"loc":{"start":{"line":53,"column":65},"end":{"line":62,"column":1}},"line":53}},"branchMap":{"0":{"loc":{"start":{"line":54,"column":2},"end":{"line":61,"column":3}},"type":"switch","locations":[{"start":{"line":55,"column":4},"end":{"line":56,"column":23}},{"start":{"line":57,"column":4},"end":{"line":58,"column":23}},{"start":{"line":59,"column":4},"end":{"line":60,"column":21}}],"line":54}},"s":{"0":5,"1":5,"2":5,"3":5,"4":5,"5":5,"6":5,"7":5,"8":5,"9":1,"10":1,"11":0,"12":0},"f":{"0":1},"b":{"0":[1,0,0]},"_coverageSchema":"1a1c01bbd47fc00a2c39e90264f33305004495a9","hash":"13f204562eedd5f41e3cd6ee1d98b7cbee641456"}
,"/Users/danielstahl/Documents/code/apps/minidsp/minidsp-remote-control/client/src/utils/refresh.tsx": {"path":"/Users/danielstahl/Documents/code/apps/minidsp/minidsp-remote-control/client/src/utils/refresh.tsx","statementMap":{"0":{"start":{"line":16,"column":27},"end":{"line":24,"column":1}},"1":{"start":{"line":17,"column":4},"end":{"line":19,"column":5}},"2":{"start":{"line":18,"column":8},"end":{"line":18,"column":44}},"3":{"start":{"line":20,"column":4},"end":{"line":22,"column":5}},"4":{"start":{"line":21,"column":8},"end":{"line":21,"column":46}},"5":{"start":{"line":23,"column":4},"end":{"line":23,"column":44}},"6":{"start":{"line":27,"column":28},"end":{"line":38,"column":1}},"7":{"start":{"line":28,"column":4},"end":{"line":36,"column":5}},"8":{"start":{"line":29,"column":23},"end":{"line":29,"column":34}},"9":{"start":{"line":30,"column":27},"end":{"line":30,"column":42}},"10":{"start":{"line":31,"column":20},"end":{"line":31,"column":114}},"11":{"start":{"line":32,"column":8},"end":{"line":35,"column":9}},"12":{"start":{"line":37,"column":4},"end":{"line":37,"column":30}},"13":{"start":{"line":40,"column":29},"end":{"line":47,"column":1}},"14":{"start":{"line":41,"column":4},"end":{"line":46,"column":5}},"15":{"start":{"line":44,"column":12},"end":{"line":44,"column":23}},"16":{"start":{"line":45,"column":12},"end":{"line":45,"column":17}},"17":{"start":{"line":51,"column":26},"end":{"line":51,"column":54}},"18":{"start":{"line":54,"column":4},"end":{"line":56,"column":19}},"19":{"start":{"line":55,"column":8},"end":{"line":55,"column":41}},"20":{"start":{"line":59,"column":4},"end":{"line":67,"column":22}},"21":{"start":{"line":61,"column":12},"end":{"line":61,"column":36}},"22":{"start":{"line":63,"column":8},"end":{"line":66,"column":9}},"23":{"start":{"line":64,"column":21},"end":{"line":64,"column":51}},"24":{"start":{"line":65,"column":12},"end":{"line":65,"column":43}},"25":{"start":{"line":65,"column":25},"end":{"line":65,"column":42}}},"fnMap":{"0":{"name":"(anonymous_0)","decl":{"start":{"line":16,"column":27},"end":{"line":16,"column":28}},"loc":{"start":{"line":16,"column":66},"end":{"line":24,"column":1}},"line":16},"1":{"name":"(anonymous_1)","decl":{"start":{"line":27,"column":28},"end":{"line":27,"column":29}},"loc":{"start":{"line":27,"column":60},"end":{"line":38,"column":1}},"line":27},"2":{"name":"(anonymous_2)","decl":{"start":{"line":40,"column":29},"end":{"line":40,"column":30}},"loc":{"start":{"line":40,"column":100},"end":{"line":47,"column":1}},"line":40},"3":{"name":"useInterval","decl":{"start":{"line":50,"column":16},"end":{"line":50,"column":27}},"loc":{"start":{"line":50,"column":71},"end":{"line":68,"column":1}},"line":50},"4":{"name":"(anonymous_4)","decl":{"start":{"line":54,"column":14},"end":{"line":54,"column":15}},"loc":{"start":{"line":54,"column":20},"end":{"line":56,"column":5}},"line":54},"5":{"name":"(anonymous_5)","decl":{"start":{"line":59,"column":14},"end":{"line":59,"column":15}},"loc":{"start":{"line":59,"column":20},"end":{"line":67,"column":5}},"line":59},"6":{"name":"tick","decl":{"start":{"line":60,"column":17},"end":{"line":60,"column":21}},"loc":{"start":{"line":60,"column":24},"end":{"line":62,"column":9}},"line":60},"7":{"name":"(anonymous_7)","decl":{"start":{"line":65,"column":19},"end":{"line":65,"column":20}},"loc":{"start":{"line":65,"column":25},"end":{"line":65,"column":42}},"line":65}},"branchMap":{"0":{"loc":{"start":{"line":17,"column":4},"end":{"line":19,"column":5}},"type":"if","locations":[{"start":{"line":17,"column":4},"end":{"line":19,"column":5}},{"start":{},"end":{}}],"line":17},"1":{"loc":{"start":{"line":17,"column":8},"end":{"line":17,"column":33}},"type":"binary-expr","locations":[{"start":{"line":17,"column":8},"end":{"line":17,"column":19}},{"start":{"line":17,"column":23},"end":{"line":17,"column":33}}],"line":17},"2":{"loc":{"start":{"line":20,"column":4},"end":{"line":22,"column":5}},"type":"if","locations":[{"start":{"line":20,"column":4},"end":{"line":22,"column":5}},{"start":{},"end":{}}],"line":20},"3":{"loc":{"start":{"line":20,"column":8},"end":{"line":20,"column":33}},"type":"binary-expr","locations":[{"start":{"line":20,"column":8},"end":{"line":20,"column":19}},{"start":{"line":20,"column":23},"end":{"line":20,"column":33}}],"line":20},"4":{"loc":{"start":{"line":28,"column":4},"end":{"line":36,"column":5}},"type":"if","locations":[{"start":{"line":28,"column":4},"end":{"line":36,"column":5}},{"start":{},"end":{}}],"line":28},"5":{"loc":{"start":{"line":31,"column":58},"end":{"line":31,"column":94}},"type":"binary-expr","locations":[{"start":{"line":31,"column":58},"end":{"line":31,"column":88}},{"start":{"line":31,"column":92},"end":{"line":31,"column":94}}],"line":31},"6":{"loc":{"start":{"line":41,"column":4},"end":{"line":46,"column":5}},"type":"switch","locations":[{"start":{"line":42,"column":8},"end":{"line":42,"column":43}},{"start":{"line":43,"column":8},"end":{"line":45,"column":17}}],"line":41},"7":{"loc":{"start":{"line":63,"column":8},"end":{"line":66,"column":9}},"type":"if","locations":[{"start":{"line":63,"column":8},"end":{"line":66,"column":9}},{"start":{},"end":{}}],"line":63}},"s":{"0":2,"1":4,"2":1,"3":3,"4":1,"5":2,"6":2,"7":0,"8":0,"9":0,"10":0,"11":0,"12":0,"13":2,"14":0,"15":0,"16":0,"17":2,"18":2,"19":2,"20":2,"21":0,"22":2,"23":2,"24":2,"25":2},"f":{"0":4,"1":0,"2":0,"3":2,"4":2,"5":2,"6":0,"7":2},"b":{"0":[1,3],"1":[4,2],"2":[1,2],"3":[3,1],"4":[0,0],"5":[0,0],"6":[0,0],"7":[2,0]},"_coverageSchema":"1a1c01bbd47fc00a2c39e90264f33305004495a9","hash":"ce9b5e11ce7a164e7d31a7e008f6888211ebce72"}
}
