TN:
SF:src/App.tsx
FN:55,useParameterUpdates
FN:61,(anonymous_1)
FN:62,(anonymous_2)
FN:69,(anonymous_3)
FN:76,(anonymous_4)
FN:83,(anonymous_5)
FN:90,(anonymous_6)
FN:97,(anonymous_7)
FN:114,App
FN:137,(anonymous_9)
FN:143,(anonymous_10)
FN:149,(anonymous_11)
FN:150,(anonymous_12)
FN:155,(anonymous_13)
FN:157,(anonymous_14)
FN:164,(anonymous_15)
FN:165,(anonymous_16)
FN:177,(anonymous_17)
FN:180,(anonymous_18)
FN:180,(anonymous_19)
FN:190,(anonymous_20)
FN:205,(anonymous_21)
FNF:22
FNH:8
FNDA:1,useParameterUpdates
FNDA:1,(anonymous_1)
FNDA:0,(anonymous_2)
FNDA:0,(anonymous_3)
FNDA:0,(anonymous_4)
FNDA:0,(anonymous_5)
FNDA:0,(anonymous_6)
FNDA:0,(anonymous_7)
FNDA:1,App
FNDA:1,(anonymous_9)
FNDA:1,(anonymous_10)
FNDA:1,(anonymous_11)
FNDA:0,(anonymous_12)
FNDA:1,(anonymous_13)
FNDA:0,(anonymous_14)
FNDA:0,(anonymous_15)
FNDA:0,(anonymous_16)
FNDA:0,(anonymous_17)
FNDA:0,(anonymous_18)
FNDA:0,(anonymous_19)
FNDA:0,(anonymous_20)
FNDA:1,(anonymous_21)
DA:60,1
DA:61,1
DA:63,0
DA:67,0
DA:70,0
DA:74,0
DA:77,0
DA:81,0
DA:84,0
DA:88,0
DA:91,0
DA:95,0
DA:98,0
DA:102,0
DA:109,1
DA:113,1
DA:118,1
DA:122,1
DA:126,1
DA:131,1
DA:135,1
DA:137,1
DA:138,1
DA:143,1
DA:144,1
DA:149,1
DA:150,1
DA:151,0
DA:155,1
DA:157,1
DA:158,0
DA:163,1
DA:165,0
DA:166,0
DA:172,1
DA:177,1
DA:178,0
DA:180,1
DA:181,0
DA:189,1
DA:190,1
DA:191,0
DA:192,0
DA:194,1
DA:196,1
DA:205,1
LF:46
LH:26
BRDA:181,0,0,0
BRDA:181,0,1,0
BRF:2
BRH:0
end_of_record
TN:
SF:src/index.tsx
FN:26,(anonymous_0)
FN:26,(anonymous_1)
FN:26,(anonymous_2)
FNF:3
FNH:0
FNDA:0,(anonymous_0)
FNDA:0,(anonymous_1)
FNDA:0,(anonymous_2)
DA:18,0
DA:22,0
DA:26,0
DA:37,0
DA:56,0
LF:5
LH:0
BRF:0
BRH:0
end_of_record
TN:
SF:src/reportWebVitals.ts
FN:3,(anonymous_0)
FN:5,(anonymous_1)
FNF:2
FNH:0
FNDA:0,(anonymous_0)
FNDA:0,(anonymous_1)
DA:3,0
DA:4,0
DA:5,0
DA:6,0
DA:7,0
DA:8,0
DA:9,0
DA:10,0
LF:8
LH:0
BRDA:4,0,0,0
BRDA:4,0,1,0
BRDA:4,1,0,0
BRDA:4,1,1,0
BRF:4
BRH:0
end_of_record
TN:
SF:src/components/AppBar.tsx
FN:19,(anonymous_0)
FN:20,(anonymous_1)
FN:41,(anonymous_2)
FN:64,(anonymous_3)
FNF:4
FNH:4
FNDA:23,(anonymous_0)
FNDA:7,(anonymous_1)
FNDA:7,(anonymous_2)
FNDA:3,(anonymous_3)
DA:14,2
DA:18,2
DA:19,23
DA:20,7
DA:41,2
DA:42,7
DA:64,3
LF:7
LH:7
BRDA:26,0,0,7
BRDA:26,0,1,0
BRF:2
BRH:1
end_of_record
TN:
SF:src/components/AuthSwitch.tsx
FN:8,(anonymous_0)
FN:25,(anonymous_1)
FN:28,(anonymous_2)
FN:34,(anonymous_3)
FNF:4
FNH:0
FNDA:0,(anonymous_0)
FNDA:0,(anonymous_1)
FNDA:0,(anonymous_2)
FNDA:0,(anonymous_3)
DA:8,0
DA:12,0
DA:15,0
DA:18,0
DA:20,0
DA:26,0
DA:27,0
DA:29,0
DA:35,0
DA:40,0
LF:10
LH:0
BRF:0
BRH:0
end_of_record
TN:
SF:src/components/DownloadCaPem.tsx
FN:7,(anonymous_0)
FN:11,(anonymous_1)
FNF:2
FNH:0
FNDA:0,(anonymous_0)
FNDA:0,(anonymous_1)
DA:7,0
DA:10,0
DA:11,0
DA:12,0
DA:14,0
LF:5
LH:0
BRF:0
BRH:0
end_of_record
TN:
SF:src/components/GenerateCerts.tsx
FN:14,(anonymous_0)
FN:26,(anonymous_1)
FN:32,(anonymous_2)
FN:34,(anonymous_3)
FN:34,(anonymous_4)
FN:37,(anonymous_5)
FN:43,(anonymous_6)
FN:49,(anonymous_7)
FNF:8
FNH:0
FNDA:0,(anonymous_0)
FNDA:0,(anonymous_1)
FNDA:0,(anonymous_2)
FNDA:0,(anonymous_3)
FNDA:0,(anonymous_4)
FNDA:0,(anonymous_5)
FNDA:0,(anonymous_6)
FNDA:0,(anonymous_7)
DA:14,0
DA:15,0
DA:18,0
DA:21,0
DA:22,0
DA:26,0
DA:27,0
DA:32,0
DA:33,0
DA:34,0
DA:35,0
DA:38,0
DA:44,0
DA:49,0
DA:51,0
LF:15
LH:0
BRF:0
BRH:0
end_of_record
TN:
SF:src/components/GenerateKeyPair.tsx
FN:20,(anonymous_0)
FN:34,(anonymous_1)
FN:41,(anonymous_2)
FN:51,(anonymous_3)
FN:61,(anonymous_4)
FN:62,(anonymous_5)
FN:71,(anonymous_6)
FN:76,(anonymous_7)
FN:82,(anonymous_8)
FNF:9
FNH:7
FNDA:8,(anonymous_0)
FNDA:0,(anonymous_1)
FNDA:2,(anonymous_2)
FNDA:1,(anonymous_3)
FNDA:2,(anonymous_4)
FNDA:2,(anonymous_5)
FNDA:2,(anonymous_6)
FNDA:0,(anonymous_7)
FNDA:2,(anonymous_8)
DA:20,1
DA:24,8
DA:28,8
DA:30,8
DA:34,8
DA:35,0
DA:40,8
DA:41,8
DA:42,2
DA:43,2
DA:44,2
DA:46,2
DA:48,2
DA:52,1
DA:53,1
DA:62,2
DA:63,2
DA:72,2
DA:77,0
DA:83,2
DA:87,8
LF:21
LH:19
BRDA:21,0,0,0
BRDA:22,1,0,0
BRDA:40,2,0,8
BRDA:40,2,1,5
BRDA:48,3,0,1
BRDA:48,3,1,1
BRDA:62,4,0,2
BRDA:62,4,1,2
BRDA:105,5,0,3
BRDA:105,5,1,5
BRF:10
BRH:8
end_of_record
TN:
SF:src/components/Message.tsx
FN:13,Message
FNF:1
FNH:1
FNDA:8,Message
DA:14,8
LF:1
LH:1
BRDA:20,0,0,8
BRDA:20,0,1,0
BRF:2
BRH:1
end_of_record
TN:
SF:src/components/NoUserNotification.tsx
FN:16,(anonymous_0)
FN:20,(anonymous_1)
FN:28,(anonymous_2)
FN:29,(anonymous_3)
FN:81,(anonymous_4)
FNF:5
FNH:2
FNDA:7,(anonymous_0)
FNDA:4,(anonymous_1)
FNDA:0,(anonymous_2)
FNDA:0,(anonymous_3)
FNDA:0,(anonymous_4)
DA:16,2
DA:17,7
DA:20,2
DA:21,4
DA:25,4
DA:26,4
DA:28,4
DA:29,0
DA:30,0
DA:36,4
DA:82,0
LF:11
LH:8
BRDA:17,0,0,7
BRDA:17,0,1,3
BRF:2
BRH:2
end_of_record
TN:
SF:src/components/PowerCard.tsx
FN:24,(anonymous_0)
FN:54,(anonymous_1)
FN:85,(anonymous_2)
FN:88,(anonymous_3)
FN:89,(anonymous_4)
FN:118,(anonymous_5)
FN:120,(anonymous_6)
FNF:7
FNH:4
FNDA:1,(anonymous_0)
FNDA:0,(anonymous_1)
FNDA:0,(anonymous_2)
FNDA:8,(anonymous_3)
FNDA:4,(anonymous_4)
FNDA:0,(anonymous_5)
FNDA:5,(anonymous_6)
DA:21,1
DA:22,1
DA:24,1
DA:33,1
DA:34,1
DA:55,0
DA:85,0
DA:88,8
DA:90,4
DA:118,0
DA:121,5
LF:11
LH:8
BRDA:55,0,0,0
BRDA:55,0,1,0
BRF:2
BRH:0
end_of_record
TN:
SF:src/components/SSLNotification.tsx
FN:11,(anonymous_0)
FN:15,(anonymous_1)
FN:21,(anonymous_2)
FNF:3
FNH:3
FNDA:5,(anonymous_0)
FNDA:8,(anonymous_1)
FNDA:3,(anonymous_2)
DA:9,2
DA:11,2
DA:12,5
DA:15,2
DA:16,8
DA:21,2
DA:28,3
DA:29,3
DA:30,3
LF:9
LH:9
BRDA:62,0,0,3
BRDA:62,0,1,0
BRF:2
BRH:1
end_of_record
TN:
SF:src/components/Settings.tsx
FN:17,(anonymous_0)
FN:28,(anonymous_1)
FN:46,(anonymous_2)
FNF:3
FNH:0
FNDA:0,(anonymous_0)
FNDA:0,(anonymous_1)
FNDA:0,(anonymous_2)
DA:17,0
DA:28,0
DA:30,0
DA:32,0
DA:46,0
LF:5
LH:0
BRF:0
BRH:0
end_of_record
TN:
SF:src/components/VolumeCard.tsx
FN:23,(anonymous_0)
FN:36,(anonymous_1)
FN:43,(anonymous_2)
FN:70,(anonymous_3)
FN:72,(anonymous_4)
FN:89,(anonymous_5)
FN:94,(anonymous_6)
FN:100,(anonymous_7)
FN:105,(anonymous_8)
FNF:9
FNH:6
FNDA:1,(anonymous_0)
FNDA:1,(anonymous_1)
FNDA:1,(anonymous_2)
FNDA:3,(anonymous_3)
FNDA:1,(anonymous_4)
FNDA:0,(anonymous_5)
FNDA:1,(anonymous_6)
FNDA:0,(anonymous_7)
FNDA:0,(anonymous_8)
DA:14,2
DA:23,2
DA:30,1
DA:31,1
DA:36,1
DA:43,1
DA:70,2
DA:71,3
DA:72,2
DA:79,1
DA:89,0
DA:94,1
DA:101,0
DA:102,0
DA:105,0
LF:15
LH:11
BRF:0
BRH:0
end_of_record
TN:
SF:src/services/api.tsx
FN:49,(anonymous_0)
FN:55,(anonymous_1)
FN:67,(anonymous_2)
FN:70,(anonymous_3)
FN:73,(anonymous_4)
FN:77,(anonymous_5)
FN:81,(anonymous_6)
FN:85,(anonymous_7)
FN:88,(anonymous_8)
FN:91,(anonymous_9)
FN:97,(anonymous_10)
FN:99,(anonymous_11)
FN:100,(anonymous_12)
FN:117,(anonymous_13)
FN:126,(anonymous_14)
FN:132,(anonymous_15)
FN:138,(anonymous_16)
FN:145,(anonymous_17)
FN:155,(anonymous_18)
FN:158,(anonymous_19)
FN:161,(anonymous_20)
FN:162,(anonymous_21)
FN:162,(anonymous_22)
FN:164,(anonymous_23)
FN:172,(anonymous_24)
FN:176,(anonymous_25)
FN:178,pump
FN:179,(anonymous_27)
FN:196,(anonymous_28)
FN:198,(anonymous_29)
FN:199,(anonymous_30)
FN:200,(anonymous_31)
FNF:32
FNH:3
FNDA:4,(anonymous_0)
FNDA:0,(anonymous_1)
FNDA:1,(anonymous_2)
FNDA:0,(anonymous_3)
FNDA:0,(anonymous_4)
FNDA:0,(anonymous_5)
FNDA:0,(anonymous_6)
FNDA:0,(anonymous_7)
FNDA:0,(anonymous_8)
FNDA:0,(anonymous_9)
FNDA:0,(anonymous_10)
FNDA:0,(anonymous_11)
FNDA:0,(anonymous_12)
FNDA:0,(anonymous_13)
FNDA:0,(anonymous_14)
FNDA:0,(anonymous_15)
FNDA:0,(anonymous_16)
FNDA:0,(anonymous_17)
FNDA:0,(anonymous_18)
FNDA:0,(anonymous_19)
FNDA:1,(anonymous_20)
FNDA:0,(anonymous_21)
FNDA:0,(anonymous_22)
FNDA:0,(anonymous_23)
FNDA:0,(anonymous_24)
FNDA:0,(anonymous_25)
FNDA:0,pump
FNDA:0,(anonymous_27)
FNDA:0,(anonymous_28)
FNDA:0,(anonymous_29)
FNDA:0,(anonymous_30)
FNDA:0,(anonymous_31)
DA:49,5
DA:50,4
DA:55,5
DA:56,0
DA:64,5
DA:67,5
DA:70,1
DA:73,5
DA:74,0
DA:77,5
DA:78,0
DA:81,5
DA:82,0
DA:85,5
DA:86,0
DA:88,5
DA:89,0
DA:91,5
DA:92,0
DA:97,5
DA:98,0
DA:99,0
DA:101,0
DA:102,0
DA:117,5
DA:121,0
DA:122,0
DA:126,0
DA:132,5
DA:133,0
DA:134,0
DA:138,0
DA:145,5
DA:150,0
DA:151,0
DA:155,0
DA:158,5
DA:159,0
DA:161,5
DA:162,1
DA:164,5
DA:165,0
DA:173,0
DA:174,0
DA:175,0
DA:177,0
DA:179,0
DA:181,0
DA:182,0
DA:183,0
DA:186,0
DA:187,0
DA:193,0
DA:196,0
DA:198,0
DA:199,0
DA:201,0
DA:202,0
DA:204,0
DA:206,0
LF:60
LH:20
BRDA:173,0,0,0
BRDA:173,0,1,0
BRDA:181,1,0,0
BRDA:181,1,1,0
BRF:4
BRH:0
end_of_record
TN:
SF:src/services/keyCreation.tsx
FN:1,(anonymous_0)
FN:15,(anonymous_1)
FN:18,bufferToBase64
FN:20,(anonymous_3)
FN:22,(anonymous_4)
FN:29,bufferToBase64Raw
FN:31,(anonymous_6)
FN:33,(anonymous_7)
FN:40,base64ToBuffer
FN:50,generateJwt
FN:111,(anonymous_10)
FNF:11
FNH:11
FNDA:2,(anonymous_0)
FNDA:2,(anonymous_1)
FNDA:6,bufferToBase64
FNDA:6,(anonymous_3)
FNDA:6,(anonymous_4)
FNDA:5,bufferToBase64Raw
FNDA:5,(anonymous_6)
FNDA:5,(anonymous_7)
FNDA:3,base64ToBuffer
FNDA:2,generateJwt
FNDA:3,(anonymous_10)
DA:1,4
DA:2,2
DA:12,2
DA:15,2
DA:20,6
DA:21,6
DA:22,6
DA:23,6
DA:26,6
DA:31,5
DA:32,5
DA:33,5
DA:34,5
DA:37,5
DA:41,3
DA:44,3
DA:51,2
DA:52,2
DA:53,2
DA:58,2
DA:64,2
DA:74,2
DA:81,2
DA:83,2
DA:84,2
DA:96,2
DA:105,2
DA:108,2
DA:111,4
DA:112,3
DA:113,3
LF:31
LH:31
BRDA:50,0,0,2
BRDA:70,1,0,2
BRDA:70,1,1,0
BRDA:112,2,0,3
BRDA:112,2,1,0
BRF:5
BRH:3
end_of_record
TN:
SF:src/state/credActions.tsx
FN:22,(anonymous_0)
FN:33,(anonymous_1)
FN:36,(anonymous_2)
FN:46,(anonymous_3)
FNF:4
FNH:4
FNDA:3,(anonymous_0)
FNDA:1,(anonymous_1)
FNDA:4,(anonymous_2)
FNDA:8,(anonymous_3)
DA:17,3
DA:22,3
DA:23,3
DA:25,2
DA:27,1
DA:31,3
DA:36,3
DA:37,4
DA:39,4
DA:46,3
DA:47,8
LF:11
LH:11
BRDA:23,0,0,2
BRDA:23,0,1,1
BRF:2
BRH:2
end_of_record
TN:
SF:src/state/expiryActions.tsx
FN:18,(anonymous_0)
FN:28,(anonymous_1)
FN:39,(anonymous_2)
FN:42,(anonymous_3)
FN:51,(anonymous_4)
FNF:5
FNH:4
FNDA:3,(anonymous_0)
FNDA:2,(anonymous_1)
FNDA:0,(anonymous_2)
FNDA:1,(anonymous_3)
FNDA:2,(anonymous_4)
DA:18,2
DA:19,3
DA:21,3
DA:22,3
DA:24,2
DA:28,2
DA:29,2
DA:31,1
DA:33,1
DA:37,2
DA:42,2
DA:43,1
DA:44,1
DA:51,2
DA:52,2
LF:15
LH:15
BRDA:29,0,0,1
BRDA:29,0,1,1
BRF:2
BRH:2
end_of_record
TN:
SF:src/state/minidspActions.tsx
FN:25,(anonymous_0)
FN:36,(anonymous_1)
FN:39,(anonymous_2)
FN:49,(anonymous_3)
FNF:4
FNH:3
FNDA:2,(anonymous_0)
FNDA:0,(anonymous_1)
FNDA:1,(anonymous_2)
FNDA:2,(anonymous_3)
DA:16,3
DA:17,3
DA:18,3
DA:25,3
DA:26,2
DA:28,1
DA:30,1
DA:34,3
DA:39,3
DA:40,1
DA:42,1
DA:49,3
DA:50,2
LF:13
LH:13
BRDA:26,0,0,1
BRDA:26,0,1,1
BRF:2
BRH:2
end_of_record
TN:
SF:src/state/persistance.tsx
FN:6,(anonymous_0)
FN:8,(anonymous_1)
FN:11,(anonymous_2)
FN:14,(anonymous_3)
FN:16,(anonymous_4)
FN:19,(anonymous_5)
FNF:6
FNH:5
FNDA:0,(anonymous_0)
FNDA:1,(anonymous_1)
FNDA:3,(anonymous_2)
FNDA:8,(anonymous_3)
FNDA:2,(anonymous_4)
FNDA:12,(anonymous_5)
DA:3,4
DA:4,4
DA:5,4
DA:6,4
DA:7,0
DA:8,4
DA:9,1
DA:11,4
DA:12,3
DA:14,8
DA:16,4
DA:17,2
DA:19,12
LF:13
LH:12
BRDA:9,0,0,1
BRDA:9,0,1,1
BRDA:14,1,0,8
BRDA:14,1,1,5
BRDA:19,2,0,12
BRDA:19,2,1,9
BRF:6
BRH:6
end_of_record
TN:
SF:src/state/themeActions.tsx
FN:18,(anonymous_0)
FN:29,(anonymous_1)
FN:32,(anonymous_2)
FN:41,(anonymous_3)
FNF:4
FNH:1
FNDA:0,(anonymous_0)
FNDA:0,(anonymous_1)
FNDA:0,(anonymous_2)
FNDA:1,(anonymous_3)
DA:18,1
DA:19,0
DA:21,0
DA:23,0
DA:27,1
DA:32,1
DA:33,0
DA:34,0
DA:41,1
DA:42,1
LF:10
LH:5
BRDA:19,0,0,0
BRDA:19,0,1,0
BRF:2
BRH:0
end_of_record
TN:
SF:src/state/userActions.tsx
FN:19,(anonymous_0)
FN:24,(anonymous_1)
FN:34,(anonymous_2)
FN:37,(anonymous_3)
FN:46,(anonymous_4)
FNF:5
FNH:5
FNDA:12,(anonymous_0)
FNDA:4,(anonymous_1)
FNDA:1,(anonymous_2)
FNDA:7,(anonymous_3)
FNDA:16,(anonymous_4)
DA:19,12
DA:24,4
DA:25,4
DA:27,3
DA:29,1
DA:32,4
DA:37,4
DA:38,7
DA:39,7
DA:46,4
DA:47,16
LF:11
LH:11
BRDA:25,0,0,3
BRDA:25,0,1,1
BRF:2
BRH:2
end_of_record
TN:
SF:src/styles/modes.tsx
FN:53,(anonymous_0)
FNF:1
FNH:1
FNDA:1,(anonymous_0)
DA:3,5
DA:5,5
DA:10,5
DA:21,5
DA:26,5
DA:34,5
DA:39,5
DA:47,5
DA:53,5
DA:54,1
DA:56,1
DA:58,0
DA:60,0
LF:13
LH:11
BRDA:54,0,0,1
BRDA:54,0,1,0
BRDA:54,0,2,0
BRF:3
BRH:1
end_of_record
TN:
SF:src/utils/refresh.tsx
FN:16,(anonymous_0)
FN:27,(anonymous_1)
FN:40,(anonymous_2)
FN:50,useInterval
FN:54,(anonymous_4)
FN:59,(anonymous_5)
FN:60,tick
FN:65,(anonymous_7)
FNF:8
FNH:5
FNDA:4,(anonymous_0)
FNDA:0,(anonymous_1)
FNDA:0,(anonymous_2)
FNDA:2,useInterval
FNDA:2,(anonymous_4)
FNDA:2,(anonymous_5)
FNDA:0,tick
FNDA:2,(anonymous_7)
DA:16,2
DA:17,4
DA:18,1
DA:20,3
DA:21,1
DA:23,2
DA:27,2
DA:28,0
DA:29,0
DA:30,0
DA:31,0
DA:32,0
DA:37,0
DA:40,2
DA:41,0
DA:44,0
DA:45,0
DA:51,2
DA:54,2
DA:55,2
DA:59,2
DA:61,0
DA:63,2
DA:64,2
DA:65,2
LF:25
LH:15
BRDA:17,0,0,1
BRDA:17,0,1,3
BRDA:17,1,0,4
BRDA:17,1,1,2
BRDA:20,2,0,1
BRDA:20,2,1,2
BRDA:20,3,0,3
BRDA:20,3,1,1
BRDA:28,4,0,0
BRDA:28,4,1,0
BRDA:31,5,0,0
BRDA:31,5,1,0
BRDA:41,6,0,0
BRDA:41,6,1,0
BRDA:63,7,0,2
BRDA:63,7,1,0
BRF:16
BRH:9
end_of_record
